#
# There is insufficient memory for the Java Runtime Environment to continue.
# Native memory allocation (malloc) failed to allocate 1076976 bytes for Chunk::new
# Possible reasons:
#   The system is out of physical RAM or swap space
#   The process is running with CompressedOops enabled, and the Java Heap may be blocking the growth of the native heap
# Possible solutions:
#   Reduce memory load on the system
#   Increase physical memory or swap space
#   Check if swap backing store is full
#   Decrease Java heap size (-Xmx/-Xms)
#   Decrease number of Java threads
#   Decrease Java thread stack sizes (-Xss)
#   Set larger code cache with -XX:ReservedCodeCacheSize=
#   JVM is running with Unscaled Compressed Oops mode in which the Java heap is
#     placed in the first 4GB address space. The Java Heap base address is the
#     maximum limit for the native heap growth. Please use -XX:HeapBaseMinAddress
#     to set the Java Heap base and to place the Java Heap above 4GB virtual address.
# This output file may be truncated or incomplete.
#
#  Out of Memory Error (./src/hotspot/share/memory/arena.cpp:197), pid=19680, tid=18272
#
# JRE version: OpenJDK Runtime Environment (11.0.10) (build 11.0.10+0-b96-7249189)
# Java VM: OpenJDK 64-Bit Server VM (11.0.10+0-b96-7249189, mixed mode, tiered, compressed oops, g1 gc, windows-amd64)
# No core dump will be written. Minidumps are not enabled by default on client versions of Windows
#

---------------  S U M M A R Y ------------

Command Line: --add-opens=java.base/java.util=ALL-UNNAMED --add-opens=java.base/java.lang=ALL-UNNAMED --add-opens=java.base/java.lang.invoke=ALL-UNNAMED --add-opens=java.base/java.util=ALL-UNNAMED --add-opens=java.prefs/java.util.prefs=ALL-UNNAMED --add-opens=java.prefs/java.util.prefs=ALL-UNNAMED --add-opens=java.base/java.nio.charset=ALL-UNNAMED --add-opens=java.base/java.net=ALL-UNNAMED --add-opens=java.base/java.util.concurrent.atomic=ALL-UNNAMED -Xmx2048m -Dfile.encoding=UTF-8 -Duser.country=US -Duser.language=en -Duser.variant org.gradle.launcher.daemon.bootstrap.GradleDaemon 7.0.2

Host: Intel(R) Core(TM) i5-10400F CPU @ 2.90GHz, 12 cores, 15G,  Windows 10 , 64 bit Build 19041 (10.0.19041.1348)
Time: Sun Jan  9 22:36:52 2022 SE Asia Standard Time elapsed time: 20.564287 seconds (0d 0h 0m 20s)

---------------  T H R E A D  ---------------

Current thread (0x00000222fd335800):  JavaThread "C2 CompilerThread1" daemon [_thread_in_native, id=18272, stack(0x00000040be700000,0x00000040be800000)]


Current CompileTask:
C2:  20564 13471   !   4       org.gradle.cache.internal.LockOnDemandCrossProcessCacheAccess::withFileLock (24 bytes)

Stack: [0x00000040be700000,0x00000040be800000]
Native frames: (J=compiled Java code, j=interpreted, Vv=VM code, C=native code)
V  [jvm.dll+0x5ecfaa]
V  [jvm.dll+0x722bd5]
V  [jvm.dll+0x72412d]
V  [jvm.dll+0x7247e3]
V  [jvm.dll+0x242928]
V  [jvm.dll+0xbc4fc]
V  [jvm.dll+0xbca0c]
V  [jvm.dll+0x352d7d]
V  [jvm.dll+0x320ad3]
V  [jvm.dll+0x31ffca]
V  [jvm.dll+0x1fb602]
V  [jvm.dll+0x1fa7f4]
V  [jvm.dll+0x18354c]
V  [jvm.dll+0x208ee7]
V  [jvm.dll+0x207731]
V  [jvm.dll+0x6eb1cf]
V  [jvm.dll+0x6e3d45]
V  [jvm.dll+0x5ebe96]
C  [ucrtbase.dll+0x21bb2]
C  [KERNEL32.DLL+0x17034]
C  [ntdll.dll+0x52651]


---------------  P R O C E S S  ---------------

Threads class SMR info:
_java_thread_list=0x00000222f92aca50, length=77, elements={
0x00000222d68dc800, 0x00000222f2216000, 0x00000222f2221800, 0x00000222f2276000,
0x00000222f2278000, 0x00000222f227a000, 0x00000222f227e000, 0x00000222f227f000,
0x00000222f2285800, 0x00000222f241a800, 0x00000222f4629000, 0x00000222f39da000,
0x00000222f49b6800, 0x00000222f3843000, 0x00000222f485b000, 0x00000222f484e000,
0x00000222f4704000, 0x00000222f3620800, 0x00000222f3caa000, 0x00000222f4251800,
0x00000222f4254000, 0x00000222f424f000, 0x00000222f4253000, 0x00000222f4254800,
0x00000222f4255800, 0x00000222f4250800, 0x00000222f4250000, 0x00000222f4252000,
0x00000222f8ae2800, 0x00000222f8ae8000, 0x00000222f8ae6000, 0x00000222f8ae4000,
0x00000222f8ae7800, 0x00000222f8aea800, 0x00000222f8ae9000, 0x00000222f8aea000,
0x00000222f8ae5000, 0x00000222f8aee000, 0x00000222f8aef000, 0x00000222f8af1000,
0x00000222f8aeb800, 0x00000222f8af0800, 0x00000222f8aef800, 0x00000222f8aec800,
0x00000222f8aed000, 0x00000222f4caf000, 0x00000222f4cad800, 0x00000222f4cb3000,
0x00000222f4cb1800, 0x00000222f4cb4000, 0x00000222f4cae000, 0x00000222f4cb0800,
0x00000222f4cb5800, 0x00000222f4cb0000, 0x00000222f4cb6800, 0x00000222f4cb4800,
0x00000222f4cb7000, 0x00000222f4cb8000, 0x00000222f4cb8800, 0x00000222f4cbc000,
0x00000222f4cb9800, 0x00000222f4cba800, 0x00000222f859e000, 0x00000222f8598800,
0x00000222f859a000, 0x00000222f859f000, 0x00000222f8599000, 0x00000222f859b800,
0x00000222f859a800, 0x00000222f859c800, 0x00000222f859d000, 0x00000222fd337800,
0x00000222fd33c000, 0x00000222fd33f000, 0x00000222fd339800, 0x00000222fd335800,
0x00000222fd332000
}

Java Threads: ( => current thread )
  0x00000222d68dc800 JavaThread "main" [_thread_blocked, id=5412, stack(0x00000040b9c00000,0x00000040b9d00000)]
  0x00000222f2216000 JavaThread "Reference Handler" daemon [_thread_blocked, id=4792, stack(0x00000040ba300000,0x00000040ba400000)]
  0x00000222f2221800 JavaThread "Finalizer" daemon [_thread_blocked, id=18896, stack(0x00000040ba400000,0x00000040ba500000)]
  0x00000222f2276000 JavaThread "Signal Dispatcher" daemon [_thread_blocked, id=10540, stack(0x00000040ba500000,0x00000040ba600000)]
  0x00000222f2278000 JavaThread "Attach Listener" daemon [_thread_blocked, id=10388, stack(0x00000040ba600000,0x00000040ba700000)]
  0x00000222f227a000 JavaThread "Service Thread" daemon [_thread_blocked, id=20980, stack(0x00000040ba700000,0x00000040ba800000)]
  0x00000222f227e000 JavaThread "C2 CompilerThread0" daemon [_thread_in_native, id=15288, stack(0x00000040ba800000,0x00000040ba900000)]
  0x00000222f227f000 JavaThread "C1 CompilerThread0" daemon [_thread_blocked, id=5952, stack(0x00000040ba900000,0x00000040baa00000)]
  0x00000222f2285800 JavaThread "Sweeper thread" daemon [_thread_blocked, id=14628, stack(0x00000040baa00000,0x00000040bab00000)]
  0x00000222f241a800 JavaThread "Common-Cleaner" daemon [_thread_blocked, id=2756, stack(0x00000040bab00000,0x00000040bac00000)]
  0x00000222f4629000 JavaThread "Daemon health stats" [_thread_blocked, id=19900, stack(0x00000040bb400000,0x00000040bb500000)]
  0x00000222f39da000 JavaThread "Incoming local TCP Connector on port 54743" [_thread_in_native, id=15992, stack(0x00000040bb500000,0x00000040bb600000)]
  0x00000222f49b6800 JavaThread "Daemon periodic checks" [_thread_blocked, id=16140, stack(0x00000040bb600000,0x00000040bb700000)]
  0x00000222f3843000 JavaThread "Daemon" [_thread_blocked, id=10404, stack(0x00000040bb700000,0x00000040bb800000)]
  0x00000222f485b000 JavaThread "Handler for socket connection from /127.0.0.1:54743 to /127.0.0.1:54744" [_thread_in_native, id=12704, stack(0x00000040bb800000,0x00000040bb900000)]
  0x00000222f484e000 JavaThread "Cancel handler" [_thread_blocked, id=7468, stack(0x00000040bb900000,0x00000040bba00000)]
  0x00000222f4704000 JavaThread "Daemon worker" [_thread_blocked, id=11268, stack(0x00000040bba00000,0x00000040bbb00000)]
  0x00000222f3620800 JavaThread "Asynchronous log dispatcher for DefaultDaemonConnection: socket connection from /127.0.0.1:54743 to /127.0.0.1:54744" [_thread_blocked, id=20404, stack(0x00000040bbb00000,0x00000040bbc00000)]
  0x00000222f3caa000 JavaThread "Stdin handler" [_thread_blocked, id=11896, stack(0x00000040bbc00000,0x00000040bbd00000)]
  0x00000222f4251800 JavaThread "Daemon client event forwarder" [_thread_blocked, id=21412, stack(0x00000040bbd00000,0x00000040bbe00000)]
  0x00000222f4254000 JavaThread "Cache worker for file hash cache (C:\Users\todin\.gradle\caches\7.0.2\fileHashes)" [_thread_blocked, id=20312, stack(0x00000040bbe00000,0x00000040bbf00000)]
  0x00000222f424f000 JavaThread "File lock request listener" [_thread_in_native, id=15120, stack(0x00000040bbf00000,0x00000040bc000000)]
  0x00000222f4253000 JavaThread "Cache worker for journal cache (C:\Users\todin\.gradle\caches\journal-1)" [_thread_blocked, id=20668, stack(0x00000040bc600000,0x00000040bc700000)]
  0x00000222f4254800 JavaThread "Cache worker for file hash cache (D:\Workplace\LuanVan\LuanVanMobile_ShopDongHo\.gradle\7.0.2\fileHashes)" [_thread_blocked, id=10960, stack(0x00000040bc700000,0x00000040bc800000)]
  0x00000222f4255800 JavaThread "File watcher server" daemon [_thread_in_native, id=4656, stack(0x00000040bc800000,0x00000040bc900000)]
  0x00000222f4250800 JavaThread "File watcher consumer" daemon [_thread_blocked, id=14064, stack(0x00000040bc900000,0x00000040bca00000)]
  0x00000222f4250000 JavaThread "Cache worker for checksums cache (D:\Workplace\LuanVan\LuanVanMobile_ShopDongHo\.gradle\checksums)" [_thread_blocked, id=18588, stack(0x00000040bca00000,0x00000040bcb00000)]
  0x00000222f4252000 JavaThread "Cache worker for cache directory md-supplier (C:\Users\todin\.gradle\caches\7.0.2\md-supplier)" [_thread_blocked, id=19672, stack(0x00000040bcb00000,0x00000040bcc00000)]
  0x00000222f8ae2800 JavaThread "Cache worker for cache directory md-rule (C:\Users\todin\.gradle\caches\7.0.2\md-rule)" [_thread_blocked, id=8080, stack(0x00000040bcc00000,0x00000040bcd00000)]
  0x00000222f8ae8000 JavaThread "Cache worker for execution history cache (C:\Users\todin\.gradle\caches\7.0.2\executionHistory)" [_thread_blocked, id=7008, stack(0x00000040bcd00000,0x00000040bce00000)]
  0x00000222f8ae6000 JavaThread "jar transforms" [_thread_blocked, id=8112, stack(0x00000040bce00000,0x00000040bcf00000)]
  0x00000222f8ae4000 JavaThread "jar transforms Thread 2" [_thread_blocked, id=18792, stack(0x00000040bcf00000,0x00000040bd000000)]
  0x00000222f8ae7800 JavaThread "Cache worker for file content cache (C:\Users\todin\.gradle\caches\7.0.2\fileContent)" [_thread_blocked, id=15500, stack(0x00000040bd000000,0x00000040bd100000)]
  0x00000222f8aea800 JavaThread "Cache worker for dependencies-accessors (D:\Workplace\LuanVan\LuanVanMobile_ShopDongHo\.gradle\7.0.2\dependencies-accessors)" [_thread_blocked, id=20036, stack(0x00000040bd100000,0x00000040bd200000)]
  0x00000222f8ae9000 JavaThread "jar transforms Thread 3" [_thread_blocked, id=18732, stack(0x00000040bd200000,0x00000040bd300000)]
  0x00000222f8aea000 JavaThread "Cache worker for Build Output Cleanup Cache (D:\Workplace\LuanVan\LuanVanMobile_ShopDongHo\.gradle\buildOutputCleanup)" [_thread_blocked, id=14144, stack(0x00000040bd300000,0x00000040bd400000)]
  0x00000222f8ae5000 JavaThread "Build operations" [_thread_blocked, id=15416, stack(0x00000040bad00000,0x00000040bae00000)]
  0x00000222f8aee000 JavaThread "Build operations Thread 2" [_thread_blocked, id=20632, stack(0x00000040bae00000,0x00000040baf00000)]
  0x00000222f8aef000 JavaThread "Build operations Thread 3" [_thread_blocked, id=760, stack(0x00000040bd400000,0x00000040bd500000)]
  0x00000222f8af1000 JavaThread "Build operations Thread 4" [_thread_blocked, id=10504, stack(0x00000040bd500000,0x00000040bd600000)]
  0x00000222f8aeb800 JavaThread "Build operations Thread 5" [_thread_blocked, id=19604, stack(0x00000040bd600000,0x00000040bd700000)]
  0x00000222f8af0800 JavaThread "Build operations Thread 6" [_thread_blocked, id=10628, stack(0x00000040bd700000,0x00000040bd800000)]
  0x00000222f8aef800 JavaThread "Build operations Thread 7" [_thread_blocked, id=14236, stack(0x00000040bd800000,0x00000040bd900000)]
  0x00000222f8aec800 JavaThread "Build operations Thread 8" [_thread_blocked, id=16364, stack(0x00000040bd900000,0x00000040bda00000)]
  0x00000222f8aed000 JavaThread "Build operations Thread 9" [_thread_blocked, id=18148, stack(0x00000040bda00000,0x00000040bdb00000)]
  0x00000222f4caf000 JavaThread "Build operations Thread 10" [_thread_blocked, id=21096, stack(0x00000040bdb00000,0x00000040bdc00000)]
  0x00000222f4cad800 JavaThread "Build operations Thread 11" [_thread_blocked, id=21064, stack(0x00000040bdc00000,0x00000040bdd00000)]
  0x00000222f4cb3000 JavaThread "Build operations Thread 12" [_thread_blocked, id=17464, stack(0x00000040bdd00000,0x00000040bde00000)]
  0x00000222f4cb1800 JavaThread "jar transforms Thread 4" [_thread_blocked, id=14860, stack(0x00000040bde00000,0x00000040bdf00000)]
  0x00000222f4cb4000 JavaThread "jar transforms Thread 5" [_thread_blocked, id=1724, stack(0x00000040bdf00000,0x00000040be000000)]
  0x00000222f4cae000 JavaThread "jar transforms Thread 6" [_thread_blocked, id=16116, stack(0x00000040be000000,0x00000040be100000)]
  0x00000222f4cb0800 JavaThread "jar transforms Thread 7" [_thread_blocked, id=17916, stack(0x00000040be100000,0x00000040be200000)]
  0x00000222f4cb5800 JavaThread "jar transforms Thread 8" [_thread_blocked, id=13436, stack(0x00000040be200000,0x00000040be300000)]
  0x00000222f4cb0000 JavaThread "jar transforms Thread 9" [_thread_blocked, id=6840, stack(0x00000040be300000,0x00000040be400000)]
  0x00000222f4cb6800 JavaThread "jar transforms Thread 10" [_thread_blocked, id=9404, stack(0x00000040be400000,0x00000040be500000)]
  0x00000222f4cb4800 JavaThread "jar transforms Thread 11" [_thread_blocked, id=4400, stack(0x00000040be500000,0x00000040be600000)]
  0x00000222f4cb7000 JavaThread "jar transforms Thread 12" [_thread_blocked, id=18700, stack(0x00000040be600000,0x00000040be700000)]
  0x00000222f4cb8000 JavaThread "Memory manager" [_thread_blocked, id=2968, stack(0x00000040be900000,0x00000040bea00000)]
  0x00000222f4cb8800 JavaThread "build event listener" [_thread_blocked, id=19628, stack(0x00000040bea00000,0x00000040beb00000)]
  0x00000222f4cbc000 JavaThread "Execution worker for ':'" [_thread_blocked, id=10304, stack(0x00000040beb00000,0x00000040bec00000)]
  0x00000222f4cb9800 JavaThread "Execution worker for ':' Thread 2" [_thread_blocked, id=16284, stack(0x00000040bec00000,0x00000040bed00000)]
  0x00000222f4cba800 JavaThread "Execution worker for ':' Thread 3" [_thread_blocked, id=11144, stack(0x00000040bed00000,0x00000040bee00000)]
  0x00000222f859e000 JavaThread "Execution worker for ':' Thread 4" [_thread_blocked, id=18692, stack(0x00000040bee00000,0x00000040bef00000)]
  0x00000222f8598800 JavaThread "Execution worker for ':' Thread 5" [_thread_blocked, id=2976, stack(0x00000040bef00000,0x00000040bf000000)]
  0x00000222f859a000 JavaThread "Execution worker for ':' Thread 6" [_thread_blocked, id=8872, stack(0x00000040bf000000,0x00000040bf100000)]
  0x00000222f859f000 JavaThread "Execution worker for ':' Thread 7" [_thread_blocked, id=20044, stack(0x00000040bf100000,0x00000040bf200000)]
  0x00000222f8599000 JavaThread "Execution worker for ':' Thread 8" [_thread_blocked, id=7776, stack(0x00000040bf200000,0x00000040bf300000)]
  0x00000222f859b800 JavaThread "Execution worker for ':' Thread 9" [_thread_in_native, id=15348, stack(0x00000040bf300000,0x00000040bf400000)]
  0x00000222f859a800 JavaThread "Execution worker for ':' Thread 10" [_thread_blocked, id=4424, stack(0x00000040bf400000,0x00000040bf500000)]
  0x00000222f859c800 JavaThread "Execution worker for ':' Thread 11" [_thread_blocked, id=18884, stack(0x00000040bf500000,0x00000040bf600000)]
  0x00000222f859d000 JavaThread "Cache worker for execution history cache (D:\Workplace\LuanVan\LuanVanMobile_ShopDongHo\.gradle\7.0.2\executionHistory)" [_thread_blocked, id=3756, stack(0x00000040bf600000,0x00000040bf700000)]
  0x00000222fd337800 JavaThread "WorkerExecutor Queue Thread 8" [_thread_blocked, id=7860, stack(0x00000040bfe00000,0x00000040bff00000)]
  0x00000222fd33c000 JavaThread "pool-3-thread-1" [_thread_blocked, id=17628, stack(0x00000040c0300000,0x00000040c0400000)]
  0x00000222fd33f000 JavaThread "stderr" [_thread_in_native, id=9740, stack(0x00000040c0400000,0x00000040c0500000)]
  0x00000222fd339800 JavaThread "stdout" [_thread_in_native, id=10244, stack(0x00000040c0500000,0x00000040c0600000)]
=>0x00000222fd335800 JavaThread "C2 CompilerThread1" daemon [_thread_in_native, id=18272, stack(0x00000040be700000,0x00000040be800000)]
  0x00000222fd332000 JavaThread "C2 CompilerThread2" daemon [_thread_in_native, id=14184, stack(0x00000040be800000,0x00000040be900000)]

Other Threads:
  0x00000222f2214000 VMThread "VM Thread" [stack: 0x00000040ba200000,0x00000040ba300000] [id=13164]
  0x00000222f2432800 WatcherThread [stack: 0x00000040bac00000,0x00000040bad00000] [id=3504]
  0x00000222d68f3000 GCTaskThread "GC Thread#0" [stack: 0x00000040b9d00000,0x00000040b9e00000] [id=7112]
  0x00000222f3437800 GCTaskThread "GC Thread#1" [stack: 0x00000040baf00000,0x00000040bb000000] [id=5292]
  0x00000222f2bca800 GCTaskThread "GC Thread#2" [stack: 0x00000040bb000000,0x00000040bb100000] [id=1848]
  0x00000222f2bcb800 GCTaskThread "GC Thread#3" [stack: 0x00000040bb100000,0x00000040bb200000] [id=18140]
  0x00000222f2a24000 GCTaskThread "GC Thread#4" [stack: 0x00000040bb200000,0x00000040bb300000] [id=1176]
  0x00000222f2a24800 GCTaskThread "GC Thread#5" [stack: 0x00000040bb300000,0x00000040bb400000] [id=1956]
  0x00000222f431c000 GCTaskThread "GC Thread#6" [stack: 0x00000040bc000000,0x00000040bc100000] [id=11740]
  0x00000222f431c800 GCTaskThread "GC Thread#7" [stack: 0x00000040bc100000,0x00000040bc200000] [id=18852]
  0x00000222f4644000 GCTaskThread "GC Thread#8" [stack: 0x00000040bc200000,0x00000040bc300000] [id=8536]
  0x00000222f4644800 GCTaskThread "GC Thread#9" [stack: 0x00000040bc300000,0x00000040bc400000] [id=10928]
  0x00000222d6928000 ConcurrentGCThread "G1 Main Marker" [stack: 0x00000040b9e00000,0x00000040b9f00000] [id=14864]
  0x00000222d6929000 ConcurrentGCThread "G1 Conc#0" [stack: 0x00000040b9f00000,0x00000040ba000000] [id=19816]
  0x00000222f438e800 ConcurrentGCThread "G1 Conc#1" [stack: 0x00000040bc400000,0x00000040bc500000] [id=18408]
  0x00000222f2b41000 ConcurrentGCThread "G1 Conc#2" [stack: 0x00000040bc500000,0x00000040bc600000] [id=19084]
  0x00000222f1861000 ConcurrentGCThread "G1 Refine#0" [stack: 0x00000040ba000000,0x00000040ba100000] [id=10076]
  0x00000222f1862000 ConcurrentGCThread "G1 Young RemSet Sampling" [stack: 0x00000040ba100000,0x00000040ba200000] [id=16552]

Threads with active compile tasks:
C2 CompilerThread0  20642 13490       4       org.gradle.cache.internal.AsyncCacheAccessDecoratedCache::get (17 bytes)
C2 CompilerThread1  20642 13471   !   4       org.gradle.cache.internal.LockOnDemandCrossProcessCacheAccess::withFileLock (24 bytes)
C2 CompilerThread2  20642 13489   !   4       org.gradle.cache.internal.CacheAccessWorker::read (42 bytes)

VM state:not at safepoint (normal execution)

VM Mutex/Monitor currently owned by a thread: None

Heap address: 0x0000000080000000, size: 2048 MB, Compressed Oops mode: 32-bit
Narrow klass base: 0x0000000000000000, Narrow klass shift: 3
Compressed class space size: 1073741824 Address: 0x0000000100000000

Heap:
 garbage-first heap   total 260096K, used 120732K [0x0000000080000000, 0x0000000100000000)
  region size 1024K, 58 young (59392K), 17 survivors (17408K)
 Metaspace       used 97570K, capacity 100023K, committed 100300K, reserved 1136640K
  class space    used 12270K, capacity 13163K, committed 13260K, reserved 1048576K
Heap Regions: E=young(eden), S=young(survivor), O=old, HS=humongous(starts), HC=humongous(continues), CS=collection set, F=free, A=archive, TAMS=top-at-mark-start (previous, next)
|   0|0x0000000080000000, 0x0000000080100000, 0x0000000080100000|100%| O|  |TAMS 0x0000000080100000, 0x0000000080000000| Untracked 
|   1|0x0000000080100000, 0x0000000080200000, 0x0000000080200000|100%| O|  |TAMS 0x0000000080200000, 0x0000000080100000| Untracked 
|   2|0x0000000080200000, 0x0000000080300000, 0x0000000080300000|100%| O|  |TAMS 0x0000000080300000, 0x0000000080200000| Untracked 
|   3|0x0000000080300000, 0x0000000080400000, 0x0000000080400000|100%|HS|  |TAMS 0x0000000080400000, 0x0000000080300000| Complete 
|   4|0x0000000080400000, 0x0000000080500000, 0x0000000080500000|100%|HC|  |TAMS 0x0000000080500000, 0x0000000080400000| Complete 
|   5|0x0000000080500000, 0x0000000080600000, 0x0000000080600000|100%|HC|  |TAMS 0x0000000080600000, 0x0000000080500000| Complete 
|   6|0x0000000080600000, 0x0000000080700000, 0x0000000080700000|100%| O|  |TAMS 0x0000000080700000, 0x0000000080600000| Untracked 
|   7|0x0000000080700000, 0x0000000080800000, 0x0000000080800000|100%| O|  |TAMS 0x0000000080800000, 0x0000000080700000| Untracked 
|   8|0x0000000080800000, 0x0000000080900000, 0x0000000080900000|100%| O|  |TAMS 0x0000000080900000, 0x0000000080800000| Untracked 
|   9|0x0000000080900000, 0x0000000080a00000, 0x0000000080a00000|100%| O|  |TAMS 0x0000000080a00000, 0x0000000080900000| Untracked 
|  10|0x0000000080a00000, 0x0000000080b00000, 0x0000000080b00000|100%| O|  |TAMS 0x0000000080b00000, 0x0000000080a00000| Untracked 
|  11|0x0000000080b00000, 0x0000000080c00000, 0x0000000080c00000|100%| O|  |TAMS 0x0000000080c00000, 0x0000000080b00000| Untracked 
|  12|0x0000000080c00000, 0x0000000080d00000, 0x0000000080d00000|100%| O|  |TAMS 0x0000000080d00000, 0x0000000080c00000| Untracked 
|  13|0x0000000080d00000, 0x0000000080e00000, 0x0000000080e00000|100%| O|  |TAMS 0x0000000080e00000, 0x0000000080d00000| Untracked 
|  14|0x0000000080e00000, 0x0000000080f00000, 0x0000000080f00000|100%| O|  |TAMS 0x0000000080f00000, 0x0000000080e00000| Untracked 
|  15|0x0000000080f00000, 0x0000000081000000, 0x0000000081000000|100%| O|  |TAMS 0x0000000081000000, 0x0000000080f00000| Untracked 
|  16|0x0000000081000000, 0x0000000081100000, 0x0000000081100000|100%| O|  |TAMS 0x0000000081100000, 0x0000000081000000| Untracked 
|  17|0x0000000081100000, 0x0000000081200000, 0x0000000081200000|100%|HS|  |TAMS 0x0000000081200000, 0x0000000081100000| Complete 
|  18|0x0000000081200000, 0x0000000081300000, 0x0000000081300000|100%|HS|  |TAMS 0x0000000081300000, 0x0000000081200000| Complete 
|  19|0x0000000081300000, 0x0000000081400000, 0x0000000081400000|100%|HS|  |TAMS 0x0000000081400000, 0x0000000081300000| Complete 
|  20|0x0000000081400000, 0x0000000081500000, 0x0000000081500000|100%|HC|  |TAMS 0x0000000081500000, 0x0000000081400000| Complete 
|  21|0x0000000081500000, 0x0000000081600000, 0x0000000081600000|100%| O|  |TAMS 0x0000000081600000, 0x0000000081500000| Untracked 
|  22|0x0000000081600000, 0x0000000081700000, 0x0000000081700000|100%| O|  |TAMS 0x0000000081700000, 0x0000000081600000| Untracked 
|  23|0x0000000081700000, 0x0000000081800000, 0x0000000081800000|100%| O|  |TAMS 0x0000000081800000, 0x0000000081700000| Untracked 
|  24|0x0000000081800000, 0x0000000081900000, 0x0000000081900000|100%| O|  |TAMS 0x0000000081900000, 0x0000000081800000| Untracked 
|  25|0x0000000081900000, 0x0000000081a00000, 0x0000000081a00000|100%| O|  |TAMS 0x000000008199a200, 0x0000000081900000| Untracked 
|  26|0x0000000081a00000, 0x0000000081b00000, 0x0000000081b00000|100%| O|  |TAMS 0x0000000081a00000, 0x0000000081a00000| Untracked 
|  27|0x0000000081b00000, 0x0000000081c00000, 0x0000000081c00000|100%| O|  |TAMS 0x0000000081b00000, 0x0000000081b00000| Untracked 
|  28|0x0000000081c00000, 0x0000000081d00000, 0x0000000081d00000|100%| O|  |TAMS 0x0000000081c00000, 0x0000000081c00000| Untracked 
|  29|0x0000000081d00000, 0x0000000081e00000, 0x0000000081e00000|100%| O|  |TAMS 0x0000000081d00000, 0x0000000081d00000| Untracked 
|  30|0x0000000081e00000, 0x0000000081f00000, 0x0000000081f00000|100%| O|  |TAMS 0x0000000081e00000, 0x0000000081e00000| Untracked 
|  31|0x0000000081f00000, 0x0000000082000000, 0x0000000082000000|100%| O|  |TAMS 0x0000000081f00000, 0x0000000081f00000| Untracked 
|  32|0x0000000082000000, 0x0000000082100000, 0x0000000082100000|100%| O|  |TAMS 0x0000000082000000, 0x0000000082000000| Untracked 
|  33|0x0000000082100000, 0x0000000082200000, 0x0000000082200000|100%| O|  |TAMS 0x0000000082100000, 0x0000000082100000| Untracked 
|  34|0x0000000082200000, 0x0000000082300000, 0x0000000082300000|100%| O|  |TAMS 0x0000000082200000, 0x0000000082200000| Untracked 
|  35|0x0000000082300000, 0x0000000082400000, 0x0000000082400000|100%| O|  |TAMS 0x0000000082300000, 0x0000000082300000| Untracked 
|  36|0x0000000082400000, 0x0000000082500000, 0x0000000082500000|100%| O|  |TAMS 0x0000000082400000, 0x0000000082400000| Untracked 
|  37|0x0000000082500000, 0x0000000082600000, 0x0000000082600000|100%| O|  |TAMS 0x0000000082500000, 0x0000000082500000| Untracked 
|  38|0x0000000082600000, 0x0000000082700000, 0x0000000082700000|100%| O|  |TAMS 0x0000000082600000, 0x0000000082600000| Untracked 
|  39|0x0000000082700000, 0x0000000082800000, 0x0000000082800000|100%| O|  |TAMS 0x0000000082700000, 0x0000000082700000| Untracked 
|  40|0x0000000082800000, 0x0000000082900000, 0x0000000082900000|100%| O|  |TAMS 0x0000000082800000, 0x0000000082800000| Untracked 
|  41|0x0000000082900000, 0x0000000082a00000, 0x0000000082a00000|100%| O|  |TAMS 0x0000000082900000, 0x0000000082900000| Untracked 
|  42|0x0000000082a00000, 0x0000000082b00000, 0x0000000082b00000|100%| O|  |TAMS 0x0000000082a00000, 0x0000000082a00000| Untracked 
|  43|0x0000000082b00000, 0x0000000082c00000, 0x0000000082c00000|100%| O|  |TAMS 0x0000000082b00000, 0x0000000082b00000| Untracked 
|  44|0x0000000082c00000, 0x0000000082d00000, 0x0000000082d00000|100%| O|  |TAMS 0x0000000082c00000, 0x0000000082c00000| Untracked 
|  45|0x0000000082d00000, 0x0000000082e00000, 0x0000000082e00000|100%| O|  |TAMS 0x0000000082d00000, 0x0000000082d00000| Untracked 
|  46|0x0000000082e00000, 0x0000000082f00000, 0x0000000082f00000|100%| O|  |TAMS 0x0000000082e00000, 0x0000000082e00000| Untracked 
|  47|0x0000000082f00000, 0x0000000083000000, 0x0000000083000000|100%| O|  |TAMS 0x0000000082f00000, 0x0000000082f00000| Untracked 
|  48|0x0000000083000000, 0x0000000083100000, 0x0000000083100000|100%| O|  |TAMS 0x0000000083000000, 0x0000000083000000| Untracked 
|  49|0x0000000083100000, 0x0000000083200000, 0x0000000083200000|100%| O|  |TAMS 0x0000000083100000, 0x0000000083100000| Untracked 
|  50|0x0000000083200000, 0x0000000083300000, 0x0000000083300000|100%| O|  |TAMS 0x0000000083200000, 0x0000000083200000| Untracked 
|  51|0x0000000083300000, 0x0000000083400000, 0x0000000083400000|100%| O|  |TAMS 0x0000000083300000, 0x0000000083300000| Untracked 
|  52|0x0000000083400000, 0x0000000083500000, 0x0000000083500000|100%| O|  |TAMS 0x0000000083400000, 0x0000000083400000| Untracked 
|  53|0x0000000083500000, 0x0000000083600000, 0x0000000083600000|100%| O|  |TAMS 0x0000000083500000, 0x0000000083500000| Untracked 
|  54|0x0000000083600000, 0x0000000083700000, 0x0000000083700000|100%| O|  |TAMS 0x0000000083600000, 0x0000000083600000| Untracked 
|  55|0x0000000083700000, 0x0000000083800000, 0x0000000083800000|100%| O|  |TAMS 0x0000000083700000, 0x0000000083700000| Untracked 
|  56|0x0000000083800000, 0x0000000083900000, 0x0000000083900000|100%| O|  |TAMS 0x0000000083800000, 0x0000000083800000| Untracked 
|  57|0x0000000083900000, 0x0000000083a00000, 0x0000000083a00000|100%| O|  |TAMS 0x0000000083900000, 0x0000000083900000| Untracked 
|  58|0x0000000083a00000, 0x0000000083b00000, 0x0000000083b00000|100%| O|  |TAMS 0x0000000083a00000, 0x0000000083a00000| Untracked 
|  59|0x0000000083b00000, 0x0000000083c00000, 0x0000000083c00000|100%| O|  |TAMS 0x0000000083b00000, 0x0000000083b00000| Untracked 
|  60|0x0000000083c00000, 0x0000000083d00000, 0x0000000083d00000|100%| O|  |TAMS 0x0000000083c00000, 0x0000000083c00000| Untracked 
|  61|0x0000000083d00000, 0x0000000083de7200, 0x0000000083e00000| 90%| O|  |TAMS 0x0000000083d00000, 0x0000000083d00000| Untracked 
|  62|0x0000000083e00000, 0x0000000083e00000, 0x0000000083f00000|  0%| F|  |TAMS 0x0000000083e00000, 0x0000000083e00000| Untracked 
|  63|0x0000000083f00000, 0x0000000083f00000, 0x0000000084000000|  0%| F|  |TAMS 0x0000000083f00000, 0x0000000083f00000| Untracked 
|  64|0x0000000084000000, 0x0000000084000000, 0x0000000084100000|  0%| F|  |TAMS 0x0000000084000000, 0x0000000084000000| Untracked 
|  65|0x0000000084100000, 0x0000000084100000, 0x0000000084200000|  0%| F|  |TAMS 0x0000000084100000, 0x0000000084100000| Untracked 
|  66|0x0000000084200000, 0x0000000084200000, 0x0000000084300000|  0%| F|  |TAMS 0x0000000084200000, 0x0000000084200000| Untracked 
|  67|0x0000000084300000, 0x0000000084300000, 0x0000000084400000|  0%| F|  |TAMS 0x0000000084300000, 0x0000000084300000| Untracked 
|  68|0x0000000084400000, 0x0000000084400000, 0x0000000084500000|  0%| F|  |TAMS 0x0000000084400000, 0x0000000084400000| Untracked 
|  69|0x0000000084500000, 0x0000000084500000, 0x0000000084600000|  0%| F|  |TAMS 0x0000000084500000, 0x0000000084500000| Untracked 
|  70|0x0000000084600000, 0x0000000084600000, 0x0000000084700000|  0%| F|  |TAMS 0x0000000084600000, 0x0000000084600000| Untracked 
|  71|0x0000000084700000, 0x0000000084700000, 0x0000000084800000|  0%| F|  |TAMS 0x0000000084700000, 0x0000000084700000| Untracked 
|  72|0x0000000084800000, 0x0000000084800000, 0x0000000084900000|  0%| F|  |TAMS 0x0000000084800000, 0x0000000084800000| Untracked 
|  73|0x0000000084900000, 0x0000000084900000, 0x0000000084a00000|  0%| F|  |TAMS 0x0000000084900000, 0x0000000084900000| Untracked 
|  74|0x0000000084a00000, 0x0000000084a00000, 0x0000000084b00000|  0%| F|  |TAMS 0x0000000084a00000, 0x0000000084a00000| Untracked 
|  75|0x0000000084b00000, 0x0000000084b00000, 0x0000000084c00000|  0%| F|  |TAMS 0x0000000084b00000, 0x0000000084b00000| Untracked 
|  76|0x0000000084c00000, 0x0000000084c00000, 0x0000000084d00000|  0%| F|  |TAMS 0x0000000084c00000, 0x0000000084c00000| Untracked 
|  77|0x0000000084d00000, 0x0000000084d00000, 0x0000000084e00000|  0%| F|  |TAMS 0x0000000084d00000, 0x0000000084d00000| Untracked 
|  78|0x0000000084e00000, 0x0000000084e00000, 0x0000000084f00000|  0%| F|  |TAMS 0x0000000084e00000, 0x0000000084e00000| Untracked 
|  79|0x0000000084f00000, 0x0000000084f00000, 0x0000000085000000|  0%| F|  |TAMS 0x0000000084f00000, 0x0000000084f00000| Untracked 
|  80|0x0000000085000000, 0x0000000085000000, 0x0000000085100000|  0%| F|  |TAMS 0x0000000085000000, 0x0000000085000000| Untracked 
|  81|0x0000000085100000, 0x0000000085100000, 0x0000000085200000|  0%| F|  |TAMS 0x0000000085100000, 0x0000000085100000| Untracked 
|  82|0x0000000085200000, 0x0000000085200000, 0x0000000085300000|  0%| F|  |TAMS 0x0000000085200000, 0x0000000085200000| Untracked 
|  83|0x0000000085300000, 0x0000000085300000, 0x0000000085400000|  0%| F|  |TAMS 0x0000000085300000, 0x0000000085300000| Untracked 
|  84|0x0000000085400000, 0x0000000085400000, 0x0000000085500000|  0%| F|  |TAMS 0x0000000085400000, 0x0000000085400000| Untracked 
|  85|0x0000000085500000, 0x0000000085500000, 0x0000000085600000|  0%| F|  |TAMS 0x0000000085500000, 0x0000000085500000| Untracked 
|  86|0x0000000085600000, 0x0000000085600000, 0x0000000085700000|  0%| F|  |TAMS 0x0000000085600000, 0x0000000085600000| Untracked 
|  87|0x0000000085700000, 0x0000000085700000, 0x0000000085800000|  0%| F|  |TAMS 0x0000000085700000, 0x0000000085700000| Untracked 
|  88|0x0000000085800000, 0x0000000085800000, 0x0000000085900000|  0%| F|  |TAMS 0x0000000085800000, 0x0000000085800000| Untracked 
|  89|0x0000000085900000, 0x0000000085900000, 0x0000000085a00000|  0%| F|  |TAMS 0x0000000085900000, 0x0000000085900000| Untracked 
|  90|0x0000000085a00000, 0x0000000085a00000, 0x0000000085b00000|  0%| F|  |TAMS 0x0000000085a00000, 0x0000000085a00000| Untracked 
|  91|0x0000000085b00000, 0x0000000085b00000, 0x0000000085c00000|  0%| F|  |TAMS 0x0000000085b00000, 0x0000000085b00000| Untracked 
|  92|0x0000000085c00000, 0x0000000085c00000, 0x0000000085d00000|  0%| F|  |TAMS 0x0000000085c00000, 0x0000000085c00000| Untracked 
|  93|0x0000000085d00000, 0x0000000085d00000, 0x0000000085e00000|  0%| F|  |TAMS 0x0000000085d00000, 0x0000000085d00000| Untracked 
|  94|0x0000000085e00000, 0x0000000085f00000, 0x0000000085f00000|100%| S|CS|TAMS 0x0000000085e00000, 0x0000000085e00000| Complete 
|  95|0x0000000085f00000, 0x0000000086000000, 0x0000000086000000|100%| S|CS|TAMS 0x0000000085f00000, 0x0000000085f00000| Complete 
|  96|0x0000000086000000, 0x0000000086100000, 0x0000000086100000|100%| S|CS|TAMS 0x0000000086000000, 0x0000000086000000| Complete 
|  97|0x0000000086100000, 0x0000000086200000, 0x0000000086200000|100%| S|CS|TAMS 0x0000000086100000, 0x0000000086100000| Complete 
|  98|0x0000000086200000, 0x0000000086300000, 0x0000000086300000|100%| S|CS|TAMS 0x0000000086200000, 0x0000000086200000| Complete 
|  99|0x0000000086300000, 0x0000000086400000, 0x0000000086400000|100%| S|CS|TAMS 0x0000000086300000, 0x0000000086300000| Complete 
| 100|0x0000000086400000, 0x0000000086500000, 0x0000000086500000|100%| S|CS|TAMS 0x0000000086400000, 0x0000000086400000| Complete 
| 101|0x0000000086500000, 0x0000000086600000, 0x0000000086600000|100%| S|CS|TAMS 0x0000000086500000, 0x0000000086500000| Complete 
| 102|0x0000000086600000, 0x0000000086600000, 0x0000000086700000|  0%| F|  |TAMS 0x0000000086600000, 0x0000000086600000| Untracked 
| 103|0x0000000086700000, 0x0000000086700000, 0x0000000086800000|  0%| F|  |TAMS 0x0000000086700000, 0x0000000086700000| Untracked 
| 104|0x0000000086800000, 0x0000000086800000, 0x0000000086900000|  0%| F|  |TAMS 0x0000000086800000, 0x0000000086800000| Untracked 
| 105|0x0000000086900000, 0x0000000086900000, 0x0000000086a00000|  0%| F|  |TAMS 0x0000000086900000, 0x0000000086900000| Untracked 
| 106|0x0000000086a00000, 0x0000000086a00000, 0x0000000086b00000|  0%| F|  |TAMS 0x0000000086a00000, 0x0000000086a00000| Untracked 
| 107|0x0000000086b00000, 0x0000000086b00000, 0x0000000086c00000|  0%| F|  |TAMS 0x0000000086b00000, 0x0000000086b00000| Untracked 
| 108|0x0000000086c00000, 0x0000000086c00000, 0x0000000086d00000|  0%| F|  |TAMS 0x0000000086c00000, 0x0000000086c00000| Untracked 
| 109|0x0000000086d00000, 0x0000000086e00000, 0x0000000086e00000|100%| S|CS|TAMS 0x0000000086d00000, 0x0000000086d00000| Complete 
| 110|0x0000000086e00000, 0x0000000086f00000, 0x0000000086f00000|100%| S|CS|TAMS 0x0000000086e00000, 0x0000000086e00000| Complete 
| 111|0x0000000086f00000, 0x0000000087000000, 0x0000000087000000|100%| S|CS|TAMS 0x0000000086f00000, 0x0000000086f00000| Complete 
| 112|0x0000000087000000, 0x0000000087100000, 0x0000000087100000|100%| S|CS|TAMS 0x0000000087000000, 0x0000000087000000| Complete 
| 113|0x0000000087100000, 0x0000000087200000, 0x0000000087200000|100%| S|CS|TAMS 0x0000000087100000, 0x0000000087100000| Complete 
| 114|0x0000000087200000, 0x0000000087300000, 0x0000000087300000|100%| S|CS|TAMS 0x0000000087200000, 0x0000000087200000| Complete 
| 115|0x0000000087300000, 0x0000000087400000, 0x0000000087400000|100%| S|CS|TAMS 0x0000000087300000, 0x0000000087300000| Complete 
| 116|0x0000000087400000, 0x0000000087500000, 0x0000000087500000|100%| S|CS|TAMS 0x0000000087400000, 0x0000000087400000| Complete 
| 117|0x0000000087500000, 0x0000000087600000, 0x0000000087600000|100%| S|CS|TAMS 0x0000000087500000, 0x0000000087500000| Complete 
| 118|0x0000000087600000, 0x0000000087600000, 0x0000000087700000|  0%| F|  |TAMS 0x0000000087600000, 0x0000000087600000| Untracked 
| 119|0x0000000087700000, 0x0000000087700000, 0x0000000087800000|  0%| F|  |TAMS 0x0000000087700000, 0x0000000087700000| Untracked 
| 120|0x0000000087800000, 0x0000000087800000, 0x0000000087900000|  0%| F|  |TAMS 0x0000000087800000, 0x0000000087800000| Untracked 
| 121|0x0000000087900000, 0x0000000087900000, 0x0000000087a00000|  0%| F|  |TAMS 0x0000000087900000, 0x0000000087900000| Untracked 
| 122|0x0000000087a00000, 0x0000000087a00000, 0x0000000087b00000|  0%| F|  |TAMS 0x0000000087a00000, 0x0000000087a00000| Untracked 
| 123|0x0000000087b00000, 0x0000000087b00000, 0x0000000087c00000|  0%| F|  |TAMS 0x0000000087b00000, 0x0000000087b00000| Untracked 
| 124|0x0000000087c00000, 0x0000000087c00000, 0x0000000087d00000|  0%| F|  |TAMS 0x0000000087c00000, 0x0000000087c00000| Untracked 
| 125|0x0000000087d00000, 0x0000000087d00000, 0x0000000087e00000|  0%| F|  |TAMS 0x0000000087d00000, 0x0000000087d00000| Untracked 
| 126|0x0000000087e00000, 0x0000000087e00000, 0x0000000087f00000|  0%| F|  |TAMS 0x0000000087e00000, 0x0000000087e00000| Untracked 
| 127|0x0000000087f00000, 0x0000000087f00000, 0x0000000088000000|  0%| F|  |TAMS 0x0000000087f00000, 0x0000000087f00000| Untracked 
| 128|0x0000000088000000, 0x0000000088000000, 0x0000000088100000|  0%| F|  |TAMS 0x0000000088000000, 0x0000000088000000| Untracked 
| 129|0x0000000088100000, 0x0000000088100000, 0x0000000088200000|  0%| F|  |TAMS 0x0000000088100000, 0x0000000088100000| Untracked 
| 130|0x0000000088200000, 0x0000000088200000, 0x0000000088300000|  0%| F|  |TAMS 0x0000000088200000, 0x0000000088200000| Untracked 
| 131|0x0000000088300000, 0x0000000088300000, 0x0000000088400000|  0%| F|  |TAMS 0x0000000088300000, 0x0000000088300000| Untracked 
| 132|0x0000000088400000, 0x0000000088400000, 0x0000000088500000|  0%| F|  |TAMS 0x0000000088400000, 0x0000000088400000| Untracked 
| 133|0x0000000088500000, 0x0000000088500000, 0x0000000088600000|  0%| F|  |TAMS 0x0000000088500000, 0x0000000088500000| Untracked 
| 134|0x0000000088600000, 0x0000000088600000, 0x0000000088700000|  0%| F|  |TAMS 0x0000000088600000, 0x0000000088600000| Untracked 
| 135|0x0000000088700000, 0x0000000088700000, 0x0000000088800000|  0%| F|  |TAMS 0x0000000088700000, 0x0000000088700000| Untracked 
| 136|0x0000000088800000, 0x0000000088800000, 0x0000000088900000|  0%| F|  |TAMS 0x0000000088800000, 0x0000000088800000| Untracked 
| 137|0x0000000088900000, 0x0000000088900000, 0x0000000088a00000|  0%| F|  |TAMS 0x0000000088900000, 0x0000000088900000| Untracked 
| 138|0x0000000088a00000, 0x0000000088a00000, 0x0000000088b00000|  0%| F|  |TAMS 0x0000000088a00000, 0x0000000088a00000| Untracked 
| 139|0x0000000088b00000, 0x0000000088b00000, 0x0000000088c00000|  0%| F|  |TAMS 0x0000000088b00000, 0x0000000088b00000| Untracked 
| 140|0x0000000088c00000, 0x0000000088c00000, 0x0000000088d00000|  0%| F|  |TAMS 0x0000000088c00000, 0x0000000088c00000| Untracked 
| 141|0x0000000088d00000, 0x0000000088d00000, 0x0000000088e00000|  0%| F|  |TAMS 0x0000000088d00000, 0x0000000088d00000| Untracked 
| 142|0x0000000088e00000, 0x0000000088e00000, 0x0000000088f00000|  0%| F|  |TAMS 0x0000000088e00000, 0x0000000088e00000| Untracked 
| 143|0x0000000088f00000, 0x0000000088f00000, 0x0000000089000000|  0%| F|  |TAMS 0x0000000088f00000, 0x0000000088f00000| Untracked 
| 144|0x0000000089000000, 0x0000000089000000, 0x0000000089100000|  0%| F|  |TAMS 0x0000000089000000, 0x0000000089000000| Untracked 
| 145|0x0000000089100000, 0x0000000089100000, 0x0000000089200000|  0%| F|  |TAMS 0x0000000089100000, 0x0000000089100000| Untracked 
| 146|0x0000000089200000, 0x0000000089200000, 0x0000000089300000|  0%| F|  |TAMS 0x0000000089200000, 0x0000000089200000| Untracked 
| 147|0x0000000089300000, 0x0000000089300000, 0x0000000089400000|  0%| F|  |TAMS 0x0000000089300000, 0x0000000089300000| Untracked 
| 148|0x0000000089400000, 0x0000000089400000, 0x0000000089500000|  0%| F|  |TAMS 0x0000000089400000, 0x0000000089400000| Untracked 
| 149|0x0000000089500000, 0x0000000089500000, 0x0000000089600000|  0%| F|  |TAMS 0x0000000089500000, 0x0000000089500000| Untracked 
| 150|0x0000000089600000, 0x0000000089600000, 0x0000000089700000|  0%| F|  |TAMS 0x0000000089600000, 0x0000000089600000| Untracked 
| 151|0x0000000089700000, 0x0000000089700000, 0x0000000089800000|  0%| F|  |TAMS 0x0000000089700000, 0x0000000089700000| Untracked 
| 152|0x0000000089800000, 0x0000000089800000, 0x0000000089900000|  0%| F|  |TAMS 0x0000000089800000, 0x0000000089800000| Untracked 
| 153|0x0000000089900000, 0x0000000089900000, 0x0000000089a00000|  0%| F|  |TAMS 0x0000000089900000, 0x0000000089900000| Untracked 
| 154|0x0000000089a00000, 0x0000000089a00000, 0x0000000089b00000|  0%| F|  |TAMS 0x0000000089a00000, 0x0000000089a00000| Untracked 
| 155|0x0000000089b00000, 0x0000000089b00000, 0x0000000089c00000|  0%| F|  |TAMS 0x0000000089b00000, 0x0000000089b00000| Untracked 
| 156|0x0000000089c00000, 0x0000000089c00000, 0x0000000089d00000|  0%| F|  |TAMS 0x0000000089c00000, 0x0000000089c00000| Untracked 
| 157|0x0000000089d00000, 0x0000000089d00000, 0x0000000089e00000|  0%| F|  |TAMS 0x0000000089d00000, 0x0000000089d00000| Untracked 
| 158|0x0000000089e00000, 0x0000000089e00000, 0x0000000089f00000|  0%| F|  |TAMS 0x0000000089e00000, 0x0000000089e00000| Untracked 
| 159|0x0000000089f00000, 0x0000000089f00000, 0x000000008a000000|  0%| F|  |TAMS 0x0000000089f00000, 0x0000000089f00000| Untracked 
| 160|0x000000008a000000, 0x000000008a000000, 0x000000008a100000|  0%| F|  |TAMS 0x000000008a000000, 0x000000008a000000| Untracked 
| 161|0x000000008a100000, 0x000000008a100000, 0x000000008a200000|  0%| F|  |TAMS 0x000000008a100000, 0x000000008a100000| Untracked 
| 162|0x000000008a200000, 0x000000008a200000, 0x000000008a300000|  0%| F|  |TAMS 0x000000008a200000, 0x000000008a200000| Untracked 
| 163|0x000000008a300000, 0x000000008a300000, 0x000000008a400000|  0%| F|  |TAMS 0x000000008a300000, 0x000000008a300000| Untracked 
| 164|0x000000008a400000, 0x000000008a400000, 0x000000008a500000|  0%| F|  |TAMS 0x000000008a400000, 0x000000008a400000| Untracked 
| 165|0x000000008a500000, 0x000000008a500000, 0x000000008a600000|  0%| F|  |TAMS 0x000000008a500000, 0x000000008a500000| Untracked 
| 166|0x000000008a600000, 0x000000008a600000, 0x000000008a700000|  0%| F|  |TAMS 0x000000008a600000, 0x000000008a600000| Untracked 
| 167|0x000000008a700000, 0x000000008a700000, 0x000000008a800000|  0%| F|  |TAMS 0x000000008a700000, 0x000000008a700000| Untracked 
| 168|0x000000008a800000, 0x000000008a800000, 0x000000008a900000|  0%| F|  |TAMS 0x000000008a800000, 0x000000008a800000| Untracked 
| 169|0x000000008a900000, 0x000000008a900000, 0x000000008aa00000|  0%| F|  |TAMS 0x000000008a900000, 0x000000008a900000| Untracked 
| 170|0x000000008aa00000, 0x000000008aa00000, 0x000000008ab00000|  0%| F|  |TAMS 0x000000008aa00000, 0x000000008aa00000| Untracked 
| 171|0x000000008ab00000, 0x000000008ab00000, 0x000000008ac00000|  0%| F|  |TAMS 0x000000008ab00000, 0x000000008ab00000| Untracked 
| 172|0x000000008ac00000, 0x000000008ac00000, 0x000000008ad00000|  0%| F|  |TAMS 0x000000008ac00000, 0x000000008ac00000| Untracked 
| 173|0x000000008ad00000, 0x000000008ad00000, 0x000000008ae00000|  0%| F|  |TAMS 0x000000008ad00000, 0x000000008ad00000| Untracked 
| 174|0x000000008ae00000, 0x000000008ae00000, 0x000000008af00000|  0%| F|  |TAMS 0x000000008ae00000, 0x000000008ae00000| Untracked 
| 175|0x000000008af00000, 0x000000008af00000, 0x000000008b000000|  0%| F|  |TAMS 0x000000008af00000, 0x000000008af00000| Untracked 
| 176|0x000000008b000000, 0x000000008b000000, 0x000000008b100000|  0%| F|  |TAMS 0x000000008b000000, 0x000000008b000000| Untracked 
| 177|0x000000008b100000, 0x000000008b100000, 0x000000008b200000|  0%| F|  |TAMS 0x000000008b100000, 0x000000008b100000| Untracked 
| 178|0x000000008b200000, 0x000000008b200000, 0x000000008b300000|  0%| F|  |TAMS 0x000000008b200000, 0x000000008b200000| Untracked 
| 179|0x000000008b300000, 0x000000008b300000, 0x000000008b400000|  0%| F|  |TAMS 0x000000008b300000, 0x000000008b300000| Untracked 
| 180|0x000000008b400000, 0x000000008b400000, 0x000000008b500000|  0%| F|  |TAMS 0x000000008b400000, 0x000000008b400000| Untracked 
| 181|0x000000008b500000, 0x000000008b500000, 0x000000008b600000|  0%| F|  |TAMS 0x000000008b500000, 0x000000008b500000| Untracked 
| 182|0x000000008b600000, 0x000000008b600000, 0x000000008b700000|  0%| F|  |TAMS 0x000000008b600000, 0x000000008b600000| Untracked 
| 183|0x000000008b700000, 0x000000008b700000, 0x000000008b800000|  0%| F|  |TAMS 0x000000008b700000, 0x000000008b700000| Untracked 
| 184|0x000000008b800000, 0x000000008b800000, 0x000000008b900000|  0%| F|  |TAMS 0x000000008b800000, 0x000000008b800000| Untracked 
| 185|0x000000008b900000, 0x000000008b900000, 0x000000008ba00000|  0%| F|  |TAMS 0x000000008b900000, 0x000000008b900000| Untracked 
| 186|0x000000008ba00000, 0x000000008ba00000, 0x000000008bb00000|  0%| F|  |TAMS 0x000000008ba00000, 0x000000008ba00000| Untracked 
| 187|0x000000008bb00000, 0x000000008bb00000, 0x000000008bc00000|  0%| F|  |TAMS 0x000000008bb00000, 0x000000008bb00000| Untracked 
| 188|0x000000008bc00000, 0x000000008bc00000, 0x000000008bd00000|  0%| F|  |TAMS 0x000000008bc00000, 0x000000008bc00000| Untracked 
| 189|0x000000008bd00000, 0x000000008bd00000, 0x000000008be00000|  0%| F|  |TAMS 0x000000008bd00000, 0x000000008bd00000| Untracked 
| 190|0x000000008be00000, 0x000000008be00000, 0x000000008bf00000|  0%| F|  |TAMS 0x000000008be00000, 0x000000008be00000| Untracked 
| 191|0x000000008bf00000, 0x000000008bf00000, 0x000000008c000000|  0%| F|  |TAMS 0x000000008bf00000, 0x000000008bf00000| Untracked 
| 192|0x000000008c000000, 0x000000008c000000, 0x000000008c100000|  0%| F|  |TAMS 0x000000008c000000, 0x000000008c000000| Untracked 
| 193|0x000000008c100000, 0x000000008c100000, 0x000000008c200000|  0%| F|  |TAMS 0x000000008c100000, 0x000000008c100000| Untracked 
| 194|0x000000008c200000, 0x000000008c200000, 0x000000008c300000|  0%| F|  |TAMS 0x000000008c200000, 0x000000008c200000| Untracked 
| 195|0x000000008c300000, 0x000000008c300000, 0x000000008c400000|  0%| F|  |TAMS 0x000000008c300000, 0x000000008c300000| Untracked 
| 196|0x000000008c400000, 0x000000008c400000, 0x000000008c500000|  0%| F|  |TAMS 0x000000008c400000, 0x000000008c400000| Untracked 
| 197|0x000000008c500000, 0x000000008c500000, 0x000000008c600000|  0%| F|  |TAMS 0x000000008c500000, 0x000000008c500000| Untracked 
| 198|0x000000008c600000, 0x000000008c600000, 0x000000008c700000|  0%| F|  |TAMS 0x000000008c600000, 0x000000008c600000| Untracked 
| 199|0x000000008c700000, 0x000000008c700000, 0x000000008c800000|  0%| F|  |TAMS 0x000000008c700000, 0x000000008c700000| Untracked 
| 200|0x000000008c800000, 0x000000008c800000, 0x000000008c900000|  0%| F|  |TAMS 0x000000008c800000, 0x000000008c800000| Untracked 
| 201|0x000000008c900000, 0x000000008c900000, 0x000000008ca00000|  0%| F|  |TAMS 0x000000008c900000, 0x000000008c900000| Untracked 
| 202|0x000000008ca00000, 0x000000008ca00000, 0x000000008cb00000|  0%| F|  |TAMS 0x000000008ca00000, 0x000000008ca00000| Untracked 
| 203|0x000000008cb00000, 0x000000008cb00000, 0x000000008cc00000|  0%| F|  |TAMS 0x000000008cb00000, 0x000000008cb00000| Untracked 
| 204|0x000000008cc00000, 0x000000008cc00000, 0x000000008cd00000|  0%| F|  |TAMS 0x000000008cc00000, 0x000000008cc00000| Untracked 
| 205|0x000000008cd00000, 0x000000008cd00000, 0x000000008ce00000|  0%| F|  |TAMS 0x000000008cd00000, 0x000000008cd00000| Untracked 
| 206|0x000000008ce00000, 0x000000008ce00000, 0x000000008cf00000|  0%| F|  |TAMS 0x000000008ce00000, 0x000000008ce00000| Untracked 
| 207|0x000000008cf00000, 0x000000008cf00000, 0x000000008d000000|  0%| F|  |TAMS 0x000000008cf00000, 0x000000008cf00000| Untracked 
| 208|0x000000008d000000, 0x000000008d000000, 0x000000008d100000|  0%| F|  |TAMS 0x000000008d000000, 0x000000008d000000| Untracked 
| 209|0x000000008d100000, 0x000000008d100000, 0x000000008d200000|  0%| F|  |TAMS 0x000000008d100000, 0x000000008d100000| Untracked 
| 210|0x000000008d200000, 0x000000008d200000, 0x000000008d300000|  0%| F|  |TAMS 0x000000008d200000, 0x000000008d200000| Untracked 
| 211|0x000000008d300000, 0x000000008d300000, 0x000000008d400000|  0%| F|  |TAMS 0x000000008d300000, 0x000000008d300000| Untracked 
| 212|0x000000008d400000, 0x000000008d400000, 0x000000008d500000|  0%| F|  |TAMS 0x000000008d400000, 0x000000008d400000| Untracked 
| 213|0x000000008d500000, 0x000000008d5426c0, 0x000000008d600000| 25%| E|  |TAMS 0x000000008d500000, 0x000000008d500000| Complete 
| 214|0x000000008d600000, 0x000000008d700000, 0x000000008d700000|100%| E|CS|TAMS 0x000000008d600000, 0x000000008d600000| Complete 
| 215|0x000000008d700000, 0x000000008d800000, 0x000000008d800000|100%| E|CS|TAMS 0x000000008d700000, 0x000000008d700000| Complete 
| 216|0x000000008d800000, 0x000000008d900000, 0x000000008d900000|100%| E|CS|TAMS 0x000000008d800000, 0x000000008d800000| Complete 
| 217|0x000000008d900000, 0x000000008da00000, 0x000000008da00000|100%| E|CS|TAMS 0x000000008d900000, 0x000000008d900000| Complete 
| 218|0x000000008da00000, 0x000000008db00000, 0x000000008db00000|100%| E|CS|TAMS 0x000000008da00000, 0x000000008da00000| Complete 
| 219|0x000000008db00000, 0x000000008dc00000, 0x000000008dc00000|100%| E|CS|TAMS 0x000000008db00000, 0x000000008db00000| Complete 
| 220|0x000000008dc00000, 0x000000008dd00000, 0x000000008dd00000|100%| E|CS|TAMS 0x000000008dc00000, 0x000000008dc00000| Complete 
| 221|0x000000008dd00000, 0x000000008de00000, 0x000000008de00000|100%| E|CS|TAMS 0x000000008dd00000, 0x000000008dd00000| Complete 
| 222|0x000000008de00000, 0x000000008df00000, 0x000000008df00000|100%| E|CS|TAMS 0x000000008de00000, 0x000000008de00000| Complete 
| 223|0x000000008df00000, 0x000000008e000000, 0x000000008e000000|100%| E|CS|TAMS 0x000000008df00000, 0x000000008df00000| Complete 
| 224|0x000000008e000000, 0x000000008e100000, 0x000000008e100000|100%| E|CS|TAMS 0x000000008e000000, 0x000000008e000000| Complete 
| 225|0x000000008e100000, 0x000000008e200000, 0x000000008e200000|100%| E|CS|TAMS 0x000000008e100000, 0x000000008e100000| Complete 
| 226|0x000000008e200000, 0x000000008e300000, 0x000000008e300000|100%| E|CS|TAMS 0x000000008e200000, 0x000000008e200000| Complete 
| 227|0x000000008e300000, 0x000000008e400000, 0x000000008e400000|100%| E|CS|TAMS 0x000000008e300000, 0x000000008e300000| Complete 
| 228|0x000000008e400000, 0x000000008e500000, 0x000000008e500000|100%| E|CS|TAMS 0x000000008e400000, 0x000000008e400000| Complete 
| 229|0x000000008e500000, 0x000000008e600000, 0x000000008e600000|100%| E|CS|TAMS 0x000000008e500000, 0x000000008e500000| Complete 
| 230|0x000000008e600000, 0x000000008e700000, 0x000000008e700000|100%| E|CS|TAMS 0x000000008e600000, 0x000000008e600000| Complete 
| 231|0x000000008e700000, 0x000000008e800000, 0x000000008e800000|100%| E|CS|TAMS 0x000000008e700000, 0x000000008e700000| Complete 
| 232|0x000000008e800000, 0x000000008e900000, 0x000000008e900000|100%| E|CS|TAMS 0x000000008e800000, 0x000000008e800000| Complete 
| 233|0x000000008e900000, 0x000000008ea00000, 0x000000008ea00000|100%| E|CS|TAMS 0x000000008e900000, 0x000000008e900000| Complete 
| 234|0x000000008ea00000, 0x000000008eb00000, 0x000000008eb00000|100%| E|CS|TAMS 0x000000008ea00000, 0x000000008ea00000| Complete 
| 235|0x000000008eb00000, 0x000000008ec00000, 0x000000008ec00000|100%| E|CS|TAMS 0x000000008eb00000, 0x000000008eb00000| Complete 
| 236|0x000000008ec00000, 0x000000008ed00000, 0x000000008ed00000|100%| E|CS|TAMS 0x000000008ec00000, 0x000000008ec00000| Complete 
| 237|0x000000008ed00000, 0x000000008ee00000, 0x000000008ee00000|100%| E|CS|TAMS 0x000000008ed00000, 0x000000008ed00000| Complete 
| 238|0x000000008ee00000, 0x000000008ef00000, 0x000000008ef00000|100%| E|CS|TAMS 0x000000008ee00000, 0x000000008ee00000| Complete 
| 239|0x000000008ef00000, 0x000000008f000000, 0x000000008f000000|100%| E|CS|TAMS 0x000000008ef00000, 0x000000008ef00000| Complete 
| 240|0x000000008f000000, 0x000000008f100000, 0x000000008f100000|100%| E|CS|TAMS 0x000000008f000000, 0x000000008f000000| Complete 
| 241|0x000000008f100000, 0x000000008f200000, 0x000000008f200000|100%| E|CS|TAMS 0x000000008f100000, 0x000000008f100000| Complete 
| 242|0x000000008f200000, 0x000000008f300000, 0x000000008f300000|100%| E|  |TAMS 0x000000008f200000, 0x000000008f200000| Complete 
| 243|0x000000008f300000, 0x000000008f400000, 0x000000008f400000|100%| E|CS|TAMS 0x000000008f300000, 0x000000008f300000| Complete 
| 244|0x000000008f400000, 0x000000008f500000, 0x000000008f500000|100%| E|CS|TAMS 0x000000008f400000, 0x000000008f400000| Complete 
| 245|0x000000008f500000, 0x000000008f600000, 0x000000008f600000|100%| E|CS|TAMS 0x000000008f500000, 0x000000008f500000| Complete 
| 246|0x000000008f600000, 0x000000008f700000, 0x000000008f700000|100%| E|CS|TAMS 0x000000008f600000, 0x000000008f600000| Complete 
| 247|0x000000008f700000, 0x000000008f800000, 0x000000008f800000|100%| E|CS|TAMS 0x000000008f700000, 0x000000008f700000| Complete 
| 248|0x000000008f800000, 0x000000008f900000, 0x000000008f900000|100%| E|CS|TAMS 0x000000008f800000, 0x000000008f800000| Complete 
| 249|0x000000008f900000, 0x000000008fa00000, 0x000000008fa00000|100%| E|CS|TAMS 0x000000008f900000, 0x000000008f900000| Complete 
| 250|0x000000008fa00000, 0x000000008fb00000, 0x000000008fb00000|100%| E|CS|TAMS 0x000000008fa00000, 0x000000008fa00000| Complete 
| 251|0x000000008fb00000, 0x000000008fc00000, 0x000000008fc00000|100%| E|CS|TAMS 0x000000008fb00000, 0x000000008fb00000| Complete 
| 252|0x000000008fc00000, 0x000000008fd00000, 0x000000008fd00000|100%| E|CS|TAMS 0x000000008fc00000, 0x000000008fc00000| Complete 
| 253|0x000000008fd00000, 0x000000008fe00000, 0x000000008fe00000|100%| E|CS|TAMS 0x000000008fd00000, 0x000000008fd00000| Complete 

Card table byte_map: [0x00000222ea490000,0x00000222ea890000] _byte_map_base: 0x00000222ea090000

Marking Bits (Prev, Next): (CMBitMap*) 0x00000222d691f620, (CMBitMap*) 0x00000222d691f5e8
 Prev Bits: [0x00000222ecc90000, 0x00000222eec90000)
 Next Bits: [0x00000222eac90000, 0x00000222ecc90000)

Polling page: 0x00000222da3d0000

Metaspace:

Usage:
  Non-class:     84.82 MB capacity,    83.30 MB ( 98%) used,     1.24 MB (  1%) free+waste,   287.00 KB ( <1%) overhead. 
      Class:     12.85 MB capacity,    11.98 MB ( 93%) used,   763.66 KB (  6%) free+waste,   129.31 KB ( <1%) overhead. 
       Both:     97.68 MB capacity,    95.28 MB ( 98%) used,     1.99 MB (  2%) free+waste,   416.31 KB ( <1%) overhead. 

Virtual space:
  Non-class space:       86.00 MB reserved,      85.00 MB ( 99%) committed 
      Class space:        1.00 GB reserved,      12.95 MB (  1%) committed 
             Both:        1.08 GB reserved,      97.95 MB (  9%) committed 

Chunk freelists:
   Non-Class:  52.00 KB
       Class:  21.00 KB
        Both:  73.00 KB

MaxMetaspaceSize: 17179869184.00 GB
CompressedClassSpaceSize: 1.00 GB

CodeHeap 'non-profiled nmethods': size=120000Kb used=8863Kb max_used=8863Kb free=111136Kb
 bounds [0x00000222e1ec0000, 0x00000222e2770000, 0x00000222e93f0000]
CodeHeap 'profiled nmethods': size=120000Kb used=28556Kb max_used=28556Kb free=91443Kb
 bounds [0x00000222da990000, 0x00000222dc580000, 0x00000222e1ec0000]
CodeHeap 'non-nmethods': size=5760Kb used=2305Kb max_used=2368Kb free=3454Kb
 bounds [0x00000222da3f0000, 0x00000222da660000, 0x00000222da990000]
 total_blobs=14271 nmethods=13354 adapters=828
 compilation: enabled
              stopped_count=0, restarted_count=0
 full_count=0

Compilation events (20 events):
Event: 20.515 Thread 0x00000222fd335800 13469       4       java.util.ArrayDeque::toArray (99 bytes)
Event: 20.515 Thread 0x00000222f227e000 13470       4       java.io.DataOutputStream::writeInt (65 bytes)
Event: 20.516 Thread 0x00000222f227e000 nmethod 13470 0x00000222e274ba10 code [0x00000222e274bbc0, 0x00000222e274bcf8]
Event: 20.516 Thread 0x00000222f227e000 13472       4       java.util.concurrent.FutureTask::awaitDone (214 bytes)
Event: 20.520 Thread 0x00000222fd335800 nmethod 13469 0x00000222e274be90 code [0x00000222e274c040, 0x00000222e274c658]
Event: 20.520 Thread 0x00000222fd335800 13471   !   4       org.gradle.cache.internal.LockOnDemandCrossProcessCacheAccess::withFileLock (24 bytes)
Event: 20.524 Thread 0x00000222f227e000 nmethod 13472 0x00000222e274c910 code [0x00000222e274cae0, 0x00000222e274d398]
Event: 20.527 Thread 0x00000222f227f000 13473       3       java.util.HashMap::removeNode (291 bytes)
Event: 20.528 Thread 0x00000222f227f000 nmethod 13473 0x00000222dc56fe90 code [0x00000222dc570160, 0x00000222dc571538]
Event: 20.528 Thread 0x00000222f227e000 13474       4       com.google.common.collect.Iterables::toArray (10 bytes)
Event: 20.535 Thread 0x00000222f227e000 nmethod 13474 0x00000222e274d690 code [0x00000222e274d860, 0x00000222e274dfb8]
Event: 20.549 Thread 0x00000222f227e000 13475       4       com.google.common.io.CountingOutputStream::write (22 bytes)
Event: 20.554 Thread 0x00000222f227e000 nmethod 13475 0x00000222e274e390 code [0x00000222e274e580, 0x00000222e274edb0]
Event: 20.557 Thread 0x00000222f227f000 13476       1       org.gradle.api.file.RelativePath::getSegments (5 bytes)
Event: 20.557 Thread 0x00000222f227e000 13477       4       com.google.common.cache.AbstractCache$SimpleStatsCounter::recordLoadSuccess (20 bytes)
Event: 20.557 Thread 0x00000222f227f000 nmethod 13476 0x00000222e274f290 code [0x00000222e274f440, 0x00000222e274f4f8]
Event: 20.557 Thread 0x00000222f227f000 13478       3       org.gradle.api.internal.file.pattern.HasPrefixPatternStep::matches (27 bytes)
Event: 20.557 Thread 0x00000222f227f000 nmethod 13478 0x00000222da990d10 code [0x00000222da990ec0, 0x00000222da991088]
Event: 20.557 Thread 0x00000222f227f000 13479       1       org.gradle.api.file.RelativePath::isFile (5 bytes)
Event: 20.557 Thread 0x00000222f227f000 nmethod 13479 0x00000222e274f590 code [0x00000222e274f740, 0x00000222e274f7f8]

GC Heap History (20 events):
Event: 1.611 GC heap before
{Heap before GC invocations=1 (full 0):
 garbage-first heap   total 260096K, used 105270K [0x0000000080000000, 0x0000000100000000)
  region size 1024K, 98 young (100352K), 3 survivors (3072K)
 Metaspace       used 20595K, capacity 21118K, committed 21248K, reserved 1067008K
  class space    used 2519K, capacity 2720K, committed 2816K, reserved 1048576K
}
Event: 1.616 GC heap after
{Heap after GC invocations=2 (full 0):
 garbage-first heap   total 260096K, used 16378K [0x0000000080000000, 0x0000000100000000)
  region size 1024K, 11 young (11264K), 11 survivors (11264K)
 Metaspace       used 20595K, capacity 21118K, committed 21248K, reserved 1067008K
  class space    used 2519K, capacity 2720K, committed 2816K, reserved 1048576K
}
Event: 1.760 GC heap before
{Heap before GC invocations=3 (full 0):
 garbage-first heap   total 260096K, used 37882K [0x0000000080000000, 0x0000000100000000)
  region size 1024K, 32 young (32768K), 11 survivors (11264K)
 Metaspace       used 22269K, capacity 22832K, committed 23040K, reserved 1069056K
  class space    used 2840K, capacity 3040K, committed 3072K, reserved 1048576K
}
Event: 1.764 GC heap after
{Heap after GC invocations=4 (full 0):
 garbage-first heap   total 260096K, used 18009K [0x0000000080000000, 0x0000000100000000)
  region size 1024K, 1 young (1024K), 1 survivors (1024K)
 Metaspace       used 22269K, capacity 22832K, committed 23040K, reserved 1069056K
  class space    used 2840K, capacity 3040K, committed 3072K, reserved 1048576K
}
Event: 2.683 GC heap before
{Heap before GC invocations=4 (full 0):
 garbage-first heap   total 260096K, used 107097K [0x0000000080000000, 0x0000000100000000)
  region size 1024K, 90 young (92160K), 1 survivors (1024K)
 Metaspace       used 35021K, capacity 35830K, committed 35840K, reserved 1081344K
  class space    used 4538K, capacity 4864K, committed 4864K, reserved 1048576K
}
Event: 2.691 GC heap after
{Heap after GC invocations=5 (full 0):
 garbage-first heap   total 260096K, used 22488K [0x0000000080000000, 0x0000000100000000)
  region size 1024K, 6 young (6144K), 6 survivors (6144K)
 Metaspace       used 35021K, capacity 35830K, committed 35840K, reserved 1081344K
  class space    used 4538K, capacity 4864K, committed 4864K, reserved 1048576K
}
Event: 3.686 GC heap before
{Heap before GC invocations=6 (full 0):
 garbage-first heap   total 260096K, used 147416K [0x0000000080000000, 0x0000000100000000)
  region size 1024K, 125 young (128000K), 6 survivors (6144K)
 Metaspace       used 44864K, capacity 45997K, committed 46156K, reserved 1089536K
  class space    used 5771K, capacity 6155K, committed 6220K, reserved 1048576K
}
Event: 3.691 GC heap after
{Heap after GC invocations=7 (full 0):
 garbage-first heap   total 260096K, used 29751K [0x0000000080000000, 0x0000000100000000)
  region size 1024K, 13 young (13312K), 13 survivors (13312K)
 Metaspace       used 44864K, capacity 45997K, committed 46156K, reserved 1089536K
  class space    used 5771K, capacity 6155K, committed 6220K, reserved 1048576K
}
Event: 9.512 GC heap before
{Heap before GC invocations=7 (full 0):
 garbage-first heap   total 260096K, used 162871K [0x0000000080000000, 0x0000000100000000)
  region size 1024K, 141 young (144384K), 13 survivors (13312K)
 Metaspace       used 58414K, capacity 59993K, committed 60236K, reserved 1101824K
  class space    used 7423K, capacity 7982K, committed 8012K, reserved 1048576K
}
Event: 9.534 GC heap after
{Heap after GC invocations=8 (full 0):
 garbage-first heap   total 260096K, used 44179K [0x0000000080000000, 0x0000000100000000)
  region size 1024K, 18 young (18432K), 18 survivors (18432K)
 Metaspace       used 58414K, capacity 59993K, committed 60236K, reserved 1101824K
  class space    used 7423K, capacity 7982K, committed 8012K, reserved 1048576K
}
Event: 10.693 GC heap before
{Heap before GC invocations=9 (full 0):
 garbage-first heap   total 260096K, used 181395K [0x0000000080000000, 0x0000000100000000)
  region size 1024K, 152 young (155648K), 18 survivors (18432K)
 Metaspace       used 70566K, capacity 72291K, committed 72652K, reserved 1112064K
  class space    used 9191K, capacity 9817K, committed 9932K, reserved 1048576K
}
Event: 10.704 GC heap after
{Heap after GC invocations=10 (full 0):
 garbage-first heap   total 260096K, used 54639K [0x0000000080000000, 0x0000000100000000)
  region size 1024K, 11 young (11264K), 11 survivors (11264K)
 Metaspace       used 70566K, capacity 72291K, committed 72652K, reserved 1112064K
  class space    used 9191K, capacity 9817K, committed 9932K, reserved 1048576K
}
Event: 12.436 GC heap before
{Heap before GC invocations=10 (full 0):
 garbage-first heap   total 260096K, used 192879K [0x0000000080000000, 0x0000000100000000)
  region size 1024K, 147 young (150528K), 11 survivors (11264K)
 Metaspace       used 79360K, capacity 81564K, committed 81740K, reserved 1120256K
  class space    used 10437K, capacity 11261K, committed 11340K, reserved 1048576K
}
Event: 12.445 GC heap after
{Heap after GC invocations=11 (full 0):
 garbage-first heap   total 260096K, used 64635K [0x0000000080000000, 0x0000000100000000)
  region size 1024K, 10 young (10240K), 10 survivors (10240K)
 Metaspace       used 79360K, capacity 81564K, committed 81740K, reserved 1120256K
  class space    used 10437K, capacity 11261K, committed 11340K, reserved 1048576K
}
Event: 13.910 GC heap before
{Heap before GC invocations=11 (full 0):
 garbage-first heap   total 260096K, used 220283K [0x0000000080000000, 0x0000000100000000)
  region size 1024K, 143 young (146432K), 10 survivors (10240K)
 Metaspace       used 86578K, capacity 88996K, committed 89164K, reserved 1126400K
  class space    used 11149K, capacity 12046K, committed 12108K, reserved 1048576K
}
Event: 13.916 GC heap after
{Heap after GC invocations=12 (full 0):
 garbage-first heap   total 260096K, used 67150K [0x0000000080000000, 0x0000000100000000)
  region size 1024K, 13 young (13312K), 13 survivors (13312K)
 Metaspace       used 86578K, capacity 88996K, committed 89164K, reserved 1126400K
  class space    used 11149K, capacity 12046K, committed 12108K, reserved 1048576K
}
Event: 15.922 GC heap before
{Heap before GC invocations=12 (full 0):
 garbage-first heap   total 260096K, used 204366K [0x0000000080000000, 0x0000000100000000)
  region size 1024K, 148 young (151552K), 13 survivors (13312K)
 Metaspace       used 95351K, capacity 97780K, committed 97996K, reserved 1134592K
  class space    used 12062K, capacity 12954K, committed 13004K, reserved 1048576K
}
Event: 15.930 GC heap after
{Heap after GC invocations=13 (full 0):
 garbage-first heap   total 260096K, used 70556K [0x0000000080000000, 0x0000000100000000)
  region size 1024K, 7 young (7168K), 7 survivors (7168K)
 Metaspace       used 95351K, capacity 97780K, committed 97996K, reserved 1134592K
  class space    used 12062K, capacity 12954K, committed 13004K, reserved 1048576K
}
Event: 20.092 GC heap before
{Heap before GC invocations=13 (full 0):
 garbage-first heap   total 260096K, used 208796K [0x0000000080000000, 0x0000000100000000)
  region size 1024K, 143 young (146432K), 7 survivors (7168K)
 Metaspace       used 97221K, capacity 99636K, committed 99660K, reserved 1136640K
  class space    used 12232K, capacity 13120K, committed 13132K, reserved 1048576K
}
Event: 20.100 GC heap after
{Heap after GC invocations=14 (full 0):
 garbage-first heap   total 260096K, used 80796K [0x0000000080000000, 0x0000000100000000)
  region size 1024K, 17 young (17408K), 17 survivors (17408K)
 Metaspace       used 97221K, capacity 99636K, committed 99660K, reserved 1136640K
  class space    used 12232K, capacity 13120K, committed 13132K, reserved 1048576K
}

Deoptimization events (20 events):
Event: 20.296 Thread 0x00000222f859b800 Uncommon trap: trap_request=0xffffff4d fr.pc=0x00000222e222b468 relative=0x0000000000000668
Event: 20.296 Thread 0x00000222f859b800 Uncommon trap: reason=unstable_if action=reinterpret pc=0x00000222e222b468 method=org.objectweb.asm.MethodWriter.visitInsn(I)V @ 32 c2
Event: 20.296 Thread 0x00000222f859b800 DEOPT PACKING pc=0x00000222e222b468 sp=0x00000040bf3fb880
Event: 20.296 Thread 0x00000222f859b800 DEOPT UNPACKING pc=0x00000222da4178af sp=0x00000040bf3fb860 mode 2
Event: 20.296 Thread 0x00000222f859b800 Uncommon trap: trap_request=0xffffff4d fr.pc=0x00000222e2216a44 relative=0x0000000000000704
Event: 20.296 Thread 0x00000222f859b800 Uncommon trap: reason=unstable_if action=reinterpret pc=0x00000222e2216a44 method=org.objectweb.asm.MethodWriter.visitMethodInsn(ILjava/lang/String;Ljava/lang/String;Ljava/lang/String;Z)V @ 89 c2
Event: 20.296 Thread 0x00000222f859b800 DEOPT PACKING pc=0x00000222e2216a44 sp=0x00000040bf3fb870
Event: 20.296 Thread 0x00000222f859b800 DEOPT UNPACKING pc=0x00000222da4178af sp=0x00000040bf3fb828 mode 2
Event: 20.339 Thread 0x00000222f859b800 DEOPT PACKING pc=0x00000222dabb2460 sp=0x00000040bf3fbae0
Event: 20.339 Thread 0x00000222f859b800 DEOPT UNPACKING pc=0x00000222da4176ce sp=0x00000040bf3fafa0 mode 0
Event: 20.353 Thread 0x00000222f859b800 DEOPT PACKING pc=0x00000222dabb2460 sp=0x00000040bf3fbae0
Event: 20.353 Thread 0x00000222f859b800 DEOPT UNPACKING pc=0x00000222da4176ce sp=0x00000040bf3fafa0 mode 0
Event: 20.373 Thread 0x00000222f859b800 Uncommon trap: trap_request=0xffffff4d fr.pc=0x00000222e2687824 relative=0x0000000000003584
Event: 20.373 Thread 0x00000222f859b800 Uncommon trap: reason=unstable_if action=reinterpret pc=0x00000222e2687824 method=org.gradle.internal.fingerprint.classpath.impl.ClasspathFingerprintingStrategy$ClasspathFingerprintingVisitor$1.visitRegularFile(Lorg/gradle/internal/snapshot/RegularFileSna
Event: 20.373 Thread 0x00000222f859b800 DEOPT PACKING pc=0x00000222e2687824 sp=0x00000040bf3fc440
Event: 20.373 Thread 0x00000222f859b800 DEOPT UNPACKING pc=0x00000222da4178af sp=0x00000040bf3fc3b8 mode 2
Event: 20.467 Thread 0x00000222f859b800 Uncommon trap: trap_request=0xffffffdc fr.pc=0x00000222e273a5d0 relative=0x00000000000004f0
Event: 20.467 Thread 0x00000222f859b800 Uncommon trap: reason=class_check action=make_not_entrant pc=0x00000222e273a5d0 method=java.util.ArrayDeque.toArray(Ljava/lang/Class;)[Ljava/lang/Object; @ 45 c2
Event: 20.467 Thread 0x00000222f859b800 DEOPT PACKING pc=0x00000222e273a5d0 sp=0x00000040bf3f92b0
Event: 20.467 Thread 0x00000222f859b800 DEOPT UNPACKING pc=0x00000222da4178af sp=0x00000040bf3f90f8 mode 2

Classes redefined (0 events):
No events

Internal exceptions (20 events):
Event: 16.501 Thread 0x00000222f8aef800 Implicit null exception at 0x00000222e266ba34 to 0x00000222e266c304
Event: 16.682 Thread 0x00000222f859b800 Exception <a 'java/lang/NoSuchMethodError'{0x000000008a856118}: <clinit>> (0x000000008a856118) thrown at [./src/hotspot/share/prims/jni.cpp, line 1362]
Event: 16.682 Thread 0x00000222f859b800 Exception <a 'java/lang/NoSuchMethodError'{0x000000008a857438}: <clinit>> (0x000000008a857438) thrown at [./src/hotspot/share/prims/jni.cpp, line 1362]
Event: 16.682 Thread 0x00000222f859b800 Exception <a 'java/lang/NoSuchMethodError'{0x000000008a859b98}: <clinit>> (0x000000008a859b98) thrown at [./src/hotspot/share/prims/jni.cpp, line 1362]
Event: 16.683 Thread 0x00000222f859b800 Exception <a 'java/lang/NoSuchMethodError'{0x000000008a8721a8}: <clinit>> (0x000000008a8721a8) thrown at [./src/hotspot/share/prims/jni.cpp, line 1362]
Event: 16.683 Thread 0x00000222f859b800 Exception <a 'java/lang/NoSuchMethodError'{0x000000008a873688}: <clinit>> (0x000000008a873688) thrown at [./src/hotspot/share/prims/jni.cpp, line 1362]
Event: 16.696 Thread 0x00000222f859b800 Exception <a 'java/lang/NoSuchMethodError'{0x000000008a7fae38}: <clinit>> (0x000000008a7fae38) thrown at [./src/hotspot/share/prims/jni.cpp, line 1362]
Event: 16.698 Thread 0x00000222f859b800 Exception <a 'java/lang/NoSuchMethodError'{0x000000008a62ec48}: <clinit>> (0x000000008a62ec48) thrown at [./src/hotspot/share/prims/jni.cpp, line 1362]
Event: 16.698 Thread 0x00000222f859b800 Exception <a 'java/lang/NoSuchMethodError'{0x000000008a6417a0}: <clinit>> (0x000000008a6417a0) thrown at [./src/hotspot/share/prims/jni.cpp, line 1362]
Event: 16.833 Thread 0x00000222fd337800 Exception <a 'java/lang/NoSuchMethodError'{0x000000008a309e60}: 'void java.lang.invoke.DirectMethodHandle$Holder.invokeStatic(java.lang.Object, long)'> (0x000000008a309e60) thrown at [./src/hotspot/share/interpreter/linkResolver.cpp, line 773]
Event: 16.834 Thread 0x00000222fd337800 Exception <a 'java/lang/NoSuchMethodError'{0x000000008a30f2c0}: 'java.lang.Object java.lang.invoke.DirectMethodHandle$Holder.invokeStatic(java.lang.Object, long)'> (0x000000008a30f2c0) thrown at [./src/hotspot/share/interpreter/linkResolver.cpp, line 773]
Event: 16.834 Thread 0x00000222fd337800 Exception <a 'java/lang/NoSuchMethodError'{0x000000008a315640}: 'java.lang.Object java.lang.invoke.Invokers$Holder.linkToTargetMethod(long, java.lang.Object)'> (0x000000008a315640) thrown at [./src/hotspot/share/interpreter/linkResolver.cpp, line 773]
Event: 16.835 Thread 0x00000222fd337800 Exception <a 'java/lang/NoSuchMethodError'{0x000000008a31df10}: 'java.lang.Object java.lang.invoke.DirectMethodHandle$Holder.invokeStaticInit(java.lang.Object, java.lang.Object, long, java.lang.Object)'> (0x000000008a31df10) thrown at [./src/hotspot/share/interpreter/linkResolver.cpp, line 773]
Event: 16.835 Thread 0x00000222fd337800 Exception <a 'java/lang/NoSuchMethodError'{0x000000008a3242e8}: 'java.lang.Object java.lang.invoke.DirectMethodHandle$Holder.invokeStatic(java.lang.Object, java.lang.Object, long)'> (0x000000008a3242e8) thrown at [./src/hotspot/share/interpreter/linkResolver.cpp, line 773]
Event: 16.836 Thread 0x00000222fd337800 Exception <a 'java/lang/NoSuchMethodError'{0x000000008a32a860}: 'java.lang.Object java.lang.invoke.Invokers$Holder.linkToTargetMethod(java.lang.Object, long, java.lang.Object)'> (0x000000008a32a860) thrown at [./src/hotspot/share/interpreter/linkResolver.cpp, line 773]
Event: 16.959 Thread 0x00000222fd337800 Exception <a 'java/lang/NoSuchMethodError'{0x000000008a267cd8}: 'int java.lang.invoke.DirectMethodHandle$Holder.invokeSpecialIFC(java.lang.Object, java.lang.Object, java.lang.Object)'> (0x000000008a267cd8) thrown at [./src/hotspot/share/interpreter/linkResolver.cpp, line 773]
Event: 19.992 Thread 0x00000222fd337800 Exception <a 'sun/nio/fs/WindowsException'{0x000000008851c370}> (0x000000008851c370) thrown at [./src/hotspot/share/prims/jni.cpp, line 615]
Event: 19.992 Thread 0x00000222fd337800 Exception <a 'sun/nio/fs/WindowsException'{0x000000008851c458}> (0x000000008851c458) thrown at [./src/hotspot/share/prims/jni.cpp, line 615]
Event: 20.222 Thread 0x00000222f4cad800 Implicit null exception at 0x00000222e271b552 to 0x00000222e271b958
Event: 20.222 Thread 0x00000222f8aef800 Implicit null exception at 0x00000222e271b552 to 0x00000222e271b958

Events (20 events):
Event: 20.441 loading class org/gradle/internal/snapshot/SnapshottingFilter
Event: 20.441 loading class org/gradle/internal/snapshot/SnapshottingFilter done
Event: 20.441 loading class org/gradle/internal/snapshot/SnapshottingFilter
Event: 20.441 loading class org/gradle/internal/snapshot/SnapshottingFilter done
Event: 20.441 loading class org/gradle/internal/snapshot/FileSystemSnapshot
Event: 20.441 loading class org/gradle/internal/snapshot/FileSystemSnapshot done
Event: 20.441 loading class org/gradle/internal/vfs/impl/DefaultFileSystemAccess
Event: 20.441 loading class org/gradle/internal/vfs/impl/DefaultFileSystemAccess done
Event: 20.441 loading class org/gradle/api/specs/Spec
Event: 20.441 loading class org/gradle/api/specs/Spec done
Event: 20.442 loading class org/gradle/internal/fingerprint/impl/PatternSetSnapshottingFilter
Event: 20.442 loading class org/gradle/internal/fingerprint/impl/PatternSetSnapshottingFilter done
Event: 20.442 loading class org/gradle/internal/snapshot/SnapshottingFilter$DirectoryWalkerPredicate
Event: 20.442 loading class org/gradle/internal/snapshot/SnapshottingFilter$DirectoryWalkerPredicate done
Event: 20.442 loading class org/gradle/internal/fingerprint/impl/PatternSetSnapshottingFilter$PathBackedFileTreeElement
Event: 20.442 loading class org/gradle/internal/fingerprint/impl/PatternSetSnapshottingFilter$PathBackedFileTreeElement done
Event: 20.557 Thread 0x00000222f2285800 flushing nmethod 0x00000222da990990
Event: 20.557 Thread 0x00000222f2285800 flushing nmethod 0x00000222da990e10
Event: 20.562 Executing VM operation: ICBufferFull
Event: 20.563 Executing VM operation: ICBufferFull done


Dynamic libraries:
0x00007ff7bbc90000 - 0x00007ff7bbc9a000 	D:\Android Studio\jre\bin\java.exe
0x00007fff11af0000 - 0x00007fff11ce5000 	C:\WINDOWS\SYSTEM32\ntdll.dll
0x00007fff0ffc0000 - 0x00007fff1007e000 	C:\WINDOWS\System32\KERNEL32.DLL
0x00007fff0f200000 - 0x00007fff0f4c8000 	C:\WINDOWS\System32\KERNELBASE.dll
0x00007fff0f840000 - 0x00007fff0f940000 	C:\WINDOWS\System32\ucrtbase.dll
0x00007ffef9ee0000 - 0x00007ffef9ef7000 	D:\Android Studio\jre\bin\VCRUNTIME140.dll
0x00007ffef8680000 - 0x00007ffef8699000 	D:\Android Studio\jre\bin\jli.dll
0x00007fff106b0000 - 0x00007fff10851000 	C:\WINDOWS\System32\USER32.dll
0x00007fff0fad0000 - 0x00007fff0faf2000 	C:\WINDOWS\System32\win32u.dll
0x00007ffeff940000 - 0x00007ffeffbda000 	C:\WINDOWS\WinSxS\amd64_microsoft.windows.common-controls_6595b64144ccf1df_6.0.19041.1110_none_60b5254171f9507e\COMCTL32.dll
0x00007fff11a80000 - 0x00007fff11aab000 	C:\WINDOWS\System32\GDI32.dll
0x00007fff0f4d0000 - 0x00007fff0f5dd000 	C:\WINDOWS\System32\gdi32full.dll
0x00007fff0ff00000 - 0x00007fff0ff9e000 	C:\WINDOWS\System32\msvcrt.dll
0x00007fff0f7a0000 - 0x00007fff0f83d000 	C:\WINDOWS\System32\msvcp_win.dll
0x00007fff10680000 - 0x00007fff106b0000 	C:\WINDOWS\System32\IMM32.DLL
0x00007ffed3a30000 - 0x00007ffed3acd000 	D:\Android Studio\jre\bin\msvcp140.dll
0x00007ffeaf750000 - 0x00007ffeb021f000 	D:\Android Studio\jre\bin\server\jvm.dll
0x00007fff0fe50000 - 0x00007fff0fefc000 	C:\WINDOWS\System32\ADVAPI32.dll
0x00007fff105e0000 - 0x00007fff1067b000 	C:\WINDOWS\System32\sechost.dll
0x00007fff10080000 - 0x00007fff101aa000 	C:\WINDOWS\System32\RPCRT4.dll
0x00007fff115f0000 - 0x00007fff115f8000 	C:\WINDOWS\System32\PSAPI.DLL
0x00007fff0ca50000 - 0x00007fff0ca59000 	C:\WINDOWS\SYSTEM32\WSOCK32.dll
0x00007fff005a0000 - 0x00007fff005c7000 	C:\WINDOWS\SYSTEM32\WINMM.dll
0x00007fff07030000 - 0x00007fff0703a000 	C:\WINDOWS\SYSTEM32\VERSION.dll
0x00007fff11580000 - 0x00007fff115eb000 	C:\WINDOWS\System32\WS2_32.dll
0x00007fff0d110000 - 0x00007fff0d122000 	C:\WINDOWS\SYSTEM32\kernel.appcore.dll
0x00007fff0ad90000 - 0x00007fff0ada1000 	D:\Android Studio\jre\bin\verify.dll
0x00007ffef6ca0000 - 0x00007ffef6e84000 	C:\WINDOWS\SYSTEM32\DBGHELP.DLL
0x00007ffef6ba0000 - 0x00007ffef6bcc000 	C:\WINDOWS\SYSTEM32\dbgcore.DLL
0x00007fff0f940000 - 0x00007fff0f9c2000 	C:\WINDOWS\System32\bcryptPrimitives.dll
0x00007fff09cf0000 - 0x00007fff09d19000 	D:\Android Studio\jre\bin\java.dll
0x00007fff0ca10000 - 0x00007fff0ca1b000 	D:\Android Studio\jre\bin\jimage.dll
0x00007fff0a700000 - 0x00007fff0a718000 	D:\Android Studio\jre\bin\zip.dll
0x00007fff10e30000 - 0x00007fff11574000 	C:\WINDOWS\System32\SHELL32.dll
0x00007fff0d310000 - 0x00007fff0daa4000 	C:\WINDOWS\SYSTEM32\windows.storage.dll
0x00007fff101b0000 - 0x00007fff10505000 	C:\WINDOWS\System32\combase.dll
0x00007fff0ebd0000 - 0x00007fff0ebfe000 	C:\WINDOWS\SYSTEM32\Wldp.dll
0x00007fff0fd40000 - 0x00007fff0fded000 	C:\WINDOWS\System32\SHCORE.dll
0x00007fff0fdf0000 - 0x00007fff0fe45000 	C:\WINDOWS\System32\shlwapi.dll
0x00007fff0f140000 - 0x00007fff0f15f000 	C:\WINDOWS\SYSTEM32\profapi.dll
0x00007fff0a6c0000 - 0x00007fff0a6da000 	D:\Android Studio\jre\bin\net.dll
0x00007fff072a0000 - 0x00007fff073ac000 	C:\WINDOWS\SYSTEM32\WINHTTP.dll
0x00007fff0e8e0000 - 0x00007fff0e94a000 	C:\WINDOWS\system32\mswsock.dll
0x00007fff09cd0000 - 0x00007fff09ce4000 	D:\Android Studio\jre\bin\nio.dll
0x00007ffef86e0000 - 0x00007ffef8707000 	C:\Users\todin\.gradle\native\8bec1ad78214c89d9ad589b4d07fe93259594b29d510b10fafb7a158f7737e5d\windows-amd64\native-platform.dll
0x00007ffeb7210000 - 0x00007ffeb734d000 	C:\Users\todin\.gradle\native\53dbd7edfb1c66fb8903c78663c9afc45aea4f116125fa6feffd364cf09443e8\windows-amd64\native-platform-file-events.dll
0x00007fff0ae80000 - 0x00007fff0ae8a000 	D:\Android Studio\jre\bin\management.dll
0x00007fff0a6a0000 - 0x00007fff0a6ac000 	D:\Android Studio\jre\bin\management_ext.dll
0x00007fff0ead0000 - 0x00007fff0eae8000 	C:\WINDOWS\SYSTEM32\CRYPTSP.dll
0x00007fff0e260000 - 0x00007fff0e294000 	C:\WINDOWS\system32\rsaenh.dll
0x00007fff0fb00000 - 0x00007fff0fb27000 	C:\WINDOWS\System32\bcrypt.dll
0x00007fff0f0c0000 - 0x00007fff0f0ee000 	C:\WINDOWS\SYSTEM32\USERENV.dll
0x00007fff0ec40000 - 0x00007fff0ec4c000 	C:\WINDOWS\SYSTEM32\CRYPTBASE.dll
0x00007fff0e5d0000 - 0x00007fff0e60b000 	C:\WINDOWS\SYSTEM32\IPHLPAPI.DLL
0x00007fff0ffa0000 - 0x00007fff0ffa8000 	C:\WINDOWS\System32\NSI.dll
0x00007fff08c90000 - 0x00007fff08ca7000 	C:\WINDOWS\SYSTEM32\dhcpcsvc6.DLL
0x00007fff08c70000 - 0x00007fff08c8d000 	C:\WINDOWS\SYSTEM32\dhcpcsvc.DLL
0x00007fff0e610000 - 0x00007fff0e6db000 	C:\WINDOWS\SYSTEM32\DNSAPI.dll

dbghelp: loaded successfully - version: 4.0.5 - missing functions: none
symbol engine: initialized successfully - sym options: 0x614 - pdb path: .;D:\Android Studio\jre\bin;C:\WINDOWS\SYSTEM32;C:\WINDOWS\WinSxS\amd64_microsoft.windows.common-controls_6595b64144ccf1df_6.0.19041.1110_none_60b5254171f9507e;D:\Android Studio\jre\bin\server;C:\Users\todin\.gradle\native\8bec1ad78214c89d9ad589b4d07fe93259594b29d510b10fafb7a158f7737e5d\windows-amd64;C:\Users\todin\.gradle\native\53dbd7edfb1c66fb8903c78663c9afc45aea4f116125fa6feffd364cf09443e8\windows-amd64

VM Arguments:
jvm_args: --add-opens=java.base/java.util=ALL-UNNAMED --add-opens=java.base/java.lang=ALL-UNNAMED --add-opens=java.base/java.lang.invoke=ALL-UNNAMED --add-opens=java.base/java.util=ALL-UNNAMED --add-opens=java.prefs/java.util.prefs=ALL-UNNAMED --add-opens=java.prefs/java.util.prefs=ALL-UNNAMED --add-opens=java.base/java.nio.charset=ALL-UNNAMED --add-opens=java.base/java.net=ALL-UNNAMED --add-opens=java.base/java.util.concurrent.atomic=ALL-UNNAMED -Xmx2048m -Dfile.encoding=UTF-8 -Duser.country=US -Duser.language=en -Duser.variant 
java_command: org.gradle.launcher.daemon.bootstrap.GradleDaemon 7.0.2
java_class_path (initial): C:\Users\todin\.gradle\wrapper\dists\gradle-7.0.2-bin\857tjihv64xamwrf0h14cai3r\gradle-7.0.2\lib\gradle-launcher-7.0.2.jar
Launcher Type: SUN_STANDARD

[Global flags]
     intx CICompilerCount                          = 4                                         {product} {ergonomic}
     uint ConcGCThreads                            = 3                                         {product} {ergonomic}
     uint G1ConcRefinementThreads                  = 10                                        {product} {ergonomic}
   size_t G1HeapRegionSize                         = 1048576                                   {product} {ergonomic}
    uintx GCDrainStackTargetSize                   = 64                                        {product} {ergonomic}
   size_t InitialHeapSize                          = 266338304                                 {product} {ergonomic}
   size_t MarkStackSize                            = 4194304                                   {product} {ergonomic}
   size_t MaxHeapSize                              = 2147483648                                {product} {command line}
   size_t MaxNewSize                               = 1287651328                                {product} {ergonomic}
   size_t MinHeapDeltaBytes                        = 1048576                                   {product} {ergonomic}
    uintx NonNMethodCodeHeapSize                   = 5836300                                {pd product} {ergonomic}
    uintx NonProfiledCodeHeapSize                  = 122910970                              {pd product} {ergonomic}
    uintx ProfiledCodeHeapSize                     = 122910970                              {pd product} {ergonomic}
    uintx ReservedCodeCacheSize                    = 251658240                              {pd product} {ergonomic}
     bool SegmentedCodeCache                       = true                                      {product} {ergonomic}
     bool UseCompressedClassPointers               = true                                 {lp64_product} {ergonomic}
     bool UseCompressedOops                        = true                                 {lp64_product} {ergonomic}
     bool UseG1GC                                  = true                                      {product} {ergonomic}
     bool UseLargePagesIndividualAllocation        = false                                  {pd product} {ergonomic}

Logging:
Log output configuration:
 #0: stdout all=warning uptime,level,tags
 #1: stderr all=off uptime,level,tags

Environment Variables:
PATH=C:\Program Files\Common Files\Oracle\Java\javapath;C:\Program Files\Eclipse Foundation\jdk-8.0.302.8-hotspot\bin;C:\WINDOWS\system32;C:\WINDOWS;C:\WINDOWS\System32\Wbem;C:\WINDOWS\System32\WindowsPowerShell\v1.0\;C:\WINDOWS\System32\OpenSSH\;C:\Program Files\NVIDIA Corporation\NVIDIA NvDLISR;C:\Program Files\dotnet\;C:\Program Files\Microsoft SQL Server\130\Tools\Binn\;C:\Program Files\Microsoft SQL Server\Client SDK\ODBC\170\Tools\Binn\;C:\Program Files (x86)\Microsoft SQL Server\150\Tools\Binn\;C:\Program Files\Microsoft SQL Server\150\Tools\Binn\;C:\Program Files\Microsoft SQL Server\150\DTS\Binn\;C:\Program Files (x86)\Microsoft SQL Server\150\DTS\Binn\;C:\Program Files\Azure Data Studio\bin;C:\Program Files\Git\cmd;D:\;C:\Users\todin\AppData\Local\Microsoft\WindowsApps;C:\Users\todin\.dotnet\tools;C:\Program Files\Azure Data Studio\bin;C:\Program Files\Git\git-bash.exe;C:\Users\todin\AppData\Local\GitHubDesktop\bin;
USERNAME=todin
OS=Windows_NT
PROCESSOR_IDENTIFIER=Intel64 Family 6 Model 165 Stepping 3, GenuineIntel



---------------  S Y S T E M  ---------------

OS: Windows 10 , 64 bit Build 19041 (10.0.19041.1348)
OS uptime: 0 days 9:00 hours

CPU:total 12 (initial active 12) (6 cores per cpu, 2 threads per core) family 6 model 165 stepping 3 microcode 0xe0, cmov, cx8, fxsr, mmx, sse, sse2, sse3, ssse3, sse4.1, sse4.2, popcnt, avx, avx2, aes, clmul, erms, 3dnowpref, lzcnt, ht, tsc, tscinvbit, bmi1, bmi2, adx, fma

Memory: 4k page, system-wide physical 16253M (4213M free)
TotalPageFile size 16253M (AvailPageFile size 1M)
current process WorkingSet (physical memory assigned to process): 522M, peak: 535M
current process commit charge ("private bytes"): 585M, peak: 597M

vm_info: OpenJDK 64-Bit Server VM (11.0.10+0-b96-7249189) for windows-amd64 JRE (11.0.10+0-b96-7249189), built on Mar 31 2021 21:44:00 by "builder" with MS VC++ 14.0 (VS2015)

END.
